#
# There is insufficient memory for the Java Runtime Environment to continue.
# Native memory allocation (mmap) failed to map 23068672 bytes for Failed to commit area from 0x00000000c8200000 to 0x00000000c9800000 of length 23068672.
# Possible reasons:
#   The system is out of physical RAM or swap space
#   The process is running with CompressedOops enabled, and the Java Heap may be blocking the growth of the native heap
# Possible solutions:
#   Reduce memory load on the system
#   Increase physical memory or swap space
#   Check if swap backing store is full
#   Decrease Java heap size (-Xmx/-Xms)
#   Decrease number of Java threads
#   Decrease Java thread stack sizes (-Xss)
#   Set larger code cache with -XX:ReservedCodeCacheSize=
#   JVM is running with Unscaled Compressed Oops mode in which the Java heap is
#     placed in the first 4GB address space. The Java Heap base address is the
#     maximum limit for the native heap growth. Please use -XX:HeapBaseMinAddress
#     to set the Java Heap base and to place the Java Heap above 4GB virtual address.
# This output file may be truncated or incomplete.
#
#  Out of Memory Error (./open/src/hotspot/os/windows/os_windows.cpp:3287), pid=1992, tid=4460
#
# JRE version: Java(TM) SE Runtime Environment 18.9 (11.0.16+11) (build 11.0.16+11-LTS-199)
# Java VM: Java HotSpot(TM) 64-Bit Server VM 18.9 (11.0.16+11-LTS-199, mixed mode, tiered, compressed oops, g1 gc, windows-amd64)
# No core dump will be written. Minidumps are not enabled by default on client versions of Windows
#

---------------  S U M M A R Y ------------

Command Line: C:\Users\Admin\AppData\Local\Temp\surefire3953716112407405852\surefirebooter15189359293070473137.jar C:\Users\Admin\AppData\Local\Temp\surefire3953716112407405852 2023-03-26T18-26-05_696-jvmRun1 surefire5249870086628506883tmp surefire_05332237379877347378tmp

Host: Intel(R) Core(TM) i5-4310U CPU @ 2.00GHz, 4 cores, 3G,  Windows 10 , 64 bit Build 19041 (10.0.19041.1741)
Time: Sun Mar 26 18:26:19 2023 SE Asia Standard Time elapsed time: 12.875752 seconds (0d 0h 0m 12s)

---------------  T H R E A D  ---------------

Current thread (0x0000018ea8aee000):  VMThread "VM Thread" [stack: 0x0000000efc000000,0x0000000efc100000] [id=4460]

Stack: [0x0000000efc000000,0x0000000efc100000]
[error occurred during error reporting (printing stack bounds), id 0xc0000005, EXCEPTION_ACCESS_VIOLATION (0xc0000005) at pc=0x0000018e94990f2d]

Native frames: (J=compiled Java code, j=interpreted, Vv=VM code, C=native code)
V  [jvm.dll+0x62a3ea]
V  [jvm.dll+0x76418f]
V  [jvm.dll+0x765839]
V  [jvm.dll+0x765e25]
V  [jvm.dll+0x765ddb]
V  [jvm.dll+0x6298d3]
V  [jvm.dll+0x629fe8]
C  [ntdll.dll+0xa209f]
C  [ntdll.dll+0x51454]
C  [ntdll.dll+0xa0bce]
C  0x0000018e94990f2d

VM_Operation (0x0000000efbaf9750): G1CollectForAllocation, mode: safepoint, requested by thread 0x0000018e8bb27800


---------------  P R O C E S S  ---------------

Threads class SMR info:
_java_thread_list=0x0000018eae858d20, length=13, elements={
0x0000018e8bb27800, 0x0000018ea8af0800, 0x0000018ea8b1c000, 0x0000018ea8b2e000,
0x0000018ea8b2e800, 0x0000018ea8b2f800, 0x0000018ea8b3a800, 0x0000018ea8b41000,
0x0000018ea8b47000, 0x0000018ea95fb000, 0x0000018ea96d4800, 0x0000018ea95f5000,
0x0000018eaebde800
}

Java Threads: ( => current thread )
  0x0000018e8bb27800 JavaThread "main" [_thread_blocked, id=1884, stack(0x0000000efba00000,0x0000000efbb00000)]
  0x0000018ea8af0800 JavaThread "Reference Handler" daemon [_thread_blocked, id=6164, stack(0x0000000efc100000,0x0000000efc200000)]
  0x0000018ea8b1c000 JavaThread "Finalizer" daemon [_thread_blocked, id=3752, stack(0x0000000efc200000,0x0000000efc300000)]
  0x0000018ea8b2e000 JavaThread "Signal Dispatcher" daemon [_thread_blocked, id=12200, stack(0x0000000efc300000,0x0000000efc400000)]
  0x0000018ea8b2e800 JavaThread "Attach Listener" daemon [_thread_blocked, id=2304, stack(0x0000000efc400000,0x0000000efc500000)]
  0x0000018ea8b2f800 JavaThread "Service Thread" daemon [_thread_blocked, id=12168, stack(0x0000000efc500000,0x0000000efc600000)]
  0x0000018ea8b3a800 JavaThread "C2 CompilerThread0" daemon [_thread_in_native, id=5792, stack(0x0000000efc600000,0x0000000efc700000)]
  0x0000018ea8b41000 JavaThread "C1 CompilerThread0" daemon [_thread_blocked, id=5276, stack(0x0000000efc700000,0x0000000efc800000)]
  0x0000018ea8b47000 JavaThread "Sweeper thread" daemon [_thread_blocked, id=5360, stack(0x0000000efc800000,0x0000000efc900000)]
  0x0000018ea95fb000 JavaThread "Common-Cleaner" daemon [_thread_blocked, id=10932, stack(0x0000000efca00000,0x0000000efcb00000)]
  0x0000018ea96d4800 JavaThread "surefire-forkedjvm-command-thread" daemon [_thread_in_native, id=6408, stack(0x0000000efcb00000,0x0000000efcc00000)]
  0x0000018ea95f5000 JavaThread "surefire-forkedjvm-ping-30s" daemon [_thread_blocked, id=632, stack(0x0000000efcc00000,0x0000000efcd00000)]
  0x0000018eaebde800 JavaThread "mysql-cj-abandoned-connection-cleanup" daemon [_thread_blocked, id=9884, stack(0x0000000efcf00000,0x0000000efd000000)]

Other Threads:
=>0x0000018ea8aee000 VMThread "VM Thread" [stack: 0x0000000efc000000,0x0000000efc100000] [id=4460]
  0x0000018ea95fa000 WatcherThread [stack: 0x0000000efc900000,0x0000000efca00000] [id=11584]
  0x0000018e8bb3d800 GCTaskThread "GC Thread#0" [stack: 0x0000000efbb00000,0x0000000efbc00000] [id=2700]
  0x0000018eaa07b800 GCTaskThread "GC Thread#1" [stack: 0x0000000efcd00000,0x0000000efce00000] [id=4044]
  0x0000018eac386000 GCTaskThread "GC Thread#2" [stack: 0x0000000efd000000,0x0000000efd100000] [id=13876]
  0x0000018eab114000 GCTaskThread "GC Thread#3" [stack: 0x0000000efd100000,0x0000000efd200000] [id=1436]
  0x0000018e8bb57000 ConcurrentGCThread "G1 Main Marker" [stack: 0x0000000efbc00000,0x0000000efbd00000] [id=9284]
  0x0000018e8bb58000 ConcurrentGCThread "G1 Conc#0" [stack: 0x0000000efbd00000,0x0000000efbe00000] [id=6484]
  0x0000018e8bbe8000 ConcurrentGCThread "G1 Refine#0" [stack: 0x0000000efbe00000,0x0000000efbf00000] [id=12960]
  0x0000018ea99ba800 ConcurrentGCThread "G1 Refine#1" [stack: 0x0000000efce00000,0x0000000efcf00000] [id=6224]
  0x0000018e8bbe9000 ConcurrentGCThread "G1 Young RemSet Sampling" [stack: 0x0000000efbf00000,0x0000000efc000000] [id=12776]

Threads with active compile tasks:
C2 CompilerThread0    12908 4574       4       org.springframework.beans.factory.support.AbstractBeanFactory::isTypeMatch (607 bytes)

VM state:at safepoint (normal execution)

VM Mutex/Monitor currently owned by a thread:  ([mutex/lock_event])
[0x0000018e8bb235a0] Threads_lock - owner thread: 0x0000018ea8aee000
[0x0000018e8bb22dc0] Heap_lock - owner thread: 0x0000018e8bb27800

Heap address: 0x00000000c1600000, size: 1002 MB, Compressed Oops mode: 32-bit
Narrow klass base: 0x0000000000000000, Narrow klass shift: 3
Compressed class space size: 1073741824 Address: 0x0000000100000000

Heap:
 garbage-first heap   total 133120K, used 26704K [0x00000000c1600000, 0x0000000100000000)
  region size 1024K, 6 young (6144K), 6 survivors (6144K)
 Metaspace       used 61716K, capacity 63460K, committed 63644K, reserved 1103872K
  class space    used 8010K, capacity 8719K, committed 8780K, reserved 1048576K
Heap Regions: E=young(eden), S=young(survivor), O=old, HS=humongous(starts), HC=humongous(continues), CS=collection set, F=free, A=archive, TAMS=top-at-mark-start (previous, next)
|   0|0x00000000c1600000, 0x00000000c1700000, 0x00000000c1700000|100%|HS|  |TAMS 0x00000000c1700000, 0x00000000c1700000| Complete 
|   1|0x00000000c1700000, 0x00000000c1800000, 0x00000000c1800000|100%| O|  |TAMS 0x00000000c1800000, 0x00000000c1800000| Untracked 
|   2|0x00000000c1800000, 0x00000000c1900000, 0x00000000c1900000|100%| O|  |TAMS 0x00000000c1900000, 0x00000000c1900000| Untracked 
|   3|0x00000000c1900000, 0x00000000c1a00000, 0x00000000c1a00000|100%| O|  |TAMS 0x00000000c1a00000, 0x00000000c1a00000| Untracked 
|   4|0x00000000c1a00000, 0x00000000c1b00000, 0x00000000c1b00000|100%| O|  |TAMS 0x00000000c1b00000, 0x00000000c1b00000| Untracked 
|   5|0x00000000c1b00000, 0x00000000c1c00000, 0x00000000c1c00000|100%| O|  |TAMS 0x00000000c1c00000, 0x00000000c1c00000| Untracked 
|   6|0x00000000c1c00000, 0x00000000c1d00000, 0x00000000c1d00000|100%| O|  |TAMS 0x00000000c1d00000, 0x00000000c1d00000| Untracked 
|   7|0x00000000c1d00000, 0x00000000c1e00000, 0x00000000c1e00000|100%| O|  |TAMS 0x00000000c1e00000, 0x00000000c1e00000| Untracked 
|   8|0x00000000c1e00000, 0x00000000c1f00000, 0x00000000c1f00000|100%| O|  |TAMS 0x00000000c1f00000, 0x00000000c1f00000| Untracked 
|   9|0x00000000c1f00000, 0x00000000c2000000, 0x00000000c2000000|100%| O|  |TAMS 0x00000000c2000000, 0x00000000c2000000| Untracked 
|  10|0x00000000c2000000, 0x00000000c2100000, 0x00000000c2100000|100%| O|  |TAMS 0x00000000c2100000, 0x00000000c2100000| Untracked 
|  11|0x00000000c2100000, 0x00000000c2200000, 0x00000000c2200000|100%| O|  |TAMS 0x00000000c2200000, 0x00000000c2200000| Untracked 
|  12|0x00000000c2200000, 0x00000000c2300000, 0x00000000c2300000|100%| O|  |TAMS 0x00000000c2300000, 0x00000000c2300000| Untracked 
|  13|0x00000000c2300000, 0x00000000c2400000, 0x00000000c2400000|100%| O|  |TAMS 0x00000000c2400000, 0x00000000c2400000| Untracked 
|  14|0x00000000c2400000, 0x00000000c2500000, 0x00000000c2500000|100%| O|  |TAMS 0x00000000c2500000, 0x00000000c2500000| Untracked 
|  15|0x00000000c2500000, 0x00000000c2600000, 0x00000000c2600000|100%| O|  |TAMS 0x00000000c2600000, 0x00000000c2600000| Untracked 
|  16|0x00000000c2600000, 0x00000000c2700000, 0x00000000c2700000|100%| O|  |TAMS 0x00000000c2700000, 0x00000000c2700000| Untracked 
|  17|0x00000000c2700000, 0x00000000c2800000, 0x00000000c2800000|100%| O|  |TAMS 0x00000000c2800000, 0x00000000c2800000| Untracked 
|  18|0x00000000c2800000, 0x00000000c2900000, 0x00000000c2900000|100%| O|  |TAMS 0x00000000c2900000, 0x00000000c2900000| Untracked 
|  19|0x00000000c2900000, 0x00000000c2a00000, 0x00000000c2a00000|100%| O|  |TAMS 0x00000000c290a200, 0x00000000c2a00000| Untracked 
|  20|0x00000000c2a00000, 0x00000000c2a97600, 0x00000000c2b00000| 59%| O|  |TAMS 0x00000000c2a00000, 0x00000000c2a97600| Untracked 
|  21|0x00000000c2b00000, 0x00000000c2b00000, 0x00000000c2c00000|  0%| F|  |TAMS 0x00000000c2b00000, 0x00000000c2b00000| Untracked 
|  22|0x00000000c2c00000, 0x00000000c2c00000, 0x00000000c2d00000|  0%| F|  |TAMS 0x00000000c2c00000, 0x00000000c2c00000| Untracked 
|  23|0x00000000c2d00000, 0x00000000c2d00000, 0x00000000c2e00000|  0%| F|  |TAMS 0x00000000c2d00000, 0x00000000c2d00000| Untracked 
|  24|0x00000000c2e00000, 0x00000000c2e00000, 0x00000000c2f00000|  0%| F|  |TAMS 0x00000000c2e00000, 0x00000000c2e00000| Untracked 
|  25|0x00000000c2f00000, 0x00000000c2f00000, 0x00000000c3000000|  0%| F|  |TAMS 0x00000000c2f00000, 0x00000000c2f00000| Untracked 
|  26|0x00000000c3000000, 0x00000000c3000000, 0x00000000c3100000|  0%| F|  |TAMS 0x00000000c3000000, 0x00000000c3000000| Untracked 
|  27|0x00000000c3100000, 0x00000000c3100000, 0x00000000c3200000|  0%| F|  |TAMS 0x00000000c3100000, 0x00000000c3100000| Untracked 
|  28|0x00000000c3200000, 0x00000000c3200000, 0x00000000c3300000|  0%| F|  |TAMS 0x00000000c3200000, 0x00000000c3200000| Untracked 
|  29|0x00000000c3300000, 0x00000000c3300000, 0x00000000c3400000|  0%| F|  |TAMS 0x00000000c3300000, 0x00000000c3300000| Untracked 
|  30|0x00000000c3400000, 0x00000000c3400000, 0x00000000c3500000|  0%| F|  |TAMS 0x00000000c3400000, 0x00000000c3400000| Untracked 
|  31|0x00000000c3500000, 0x00000000c3500000, 0x00000000c3600000|  0%| F|  |TAMS 0x00000000c3500000, 0x00000000c3500000| Untracked 
|  32|0x00000000c3600000, 0x00000000c3600000, 0x00000000c3700000|  0%| F|  |TAMS 0x00000000c3600000, 0x00000000c3600000| Untracked 
|  33|0x00000000c3700000, 0x00000000c3700000, 0x00000000c3800000|  0%| F|  |TAMS 0x00000000c3700000, 0x00000000c3700000| Untracked 
|  34|0x00000000c3800000, 0x00000000c3800000, 0x00000000c3900000|  0%| F|  |TAMS 0x00000000c3800000, 0x00000000c3800000| Untracked 
|  35|0x00000000c3900000, 0x00000000c3900000, 0x00000000c3a00000|  0%| F|  |TAMS 0x00000000c3900000, 0x00000000c3900000| Untracked 
|  36|0x00000000c3a00000, 0x00000000c3a00000, 0x00000000c3b00000|  0%| F|  |TAMS 0x00000000c3a00000, 0x00000000c3a00000| Untracked 
|  37|0x00000000c3b00000, 0x00000000c3b00000, 0x00000000c3c00000|  0%| F|  |TAMS 0x00000000c3b00000, 0x00000000c3b00000| Untracked 
|  38|0x00000000c3c00000, 0x00000000c3c00000, 0x00000000c3d00000|  0%| F|  |TAMS 0x00000000c3c00000, 0x00000000c3c00000| Untracked 
|  39|0x00000000c3d00000, 0x00000000c3d7ca38, 0x00000000c3e00000| 48%| S|CS|TAMS 0x00000000c3d00000, 0x00000000c3d00000| Complete 
|  40|0x00000000c3e00000, 0x00000000c3f00000, 0x00000000c3f00000|100%| S|CS|TAMS 0x00000000c3e00000, 0x00000000c3e00000| Complete 
|  41|0x00000000c3f00000, 0x00000000c4000000, 0x00000000c4000000|100%| S|CS|TAMS 0x00000000c3f00000, 0x00000000c3f00000| Complete 
|  42|0x00000000c4000000, 0x00000000c4100000, 0x00000000c4100000|100%| S|CS|TAMS 0x00000000c4000000, 0x00000000c4000000| Complete 
|  43|0x00000000c4100000, 0x00000000c4200000, 0x00000000c4200000|100%| S|CS|TAMS 0x00000000c4100000, 0x00000000c4100000| Complete 
|  44|0x00000000c4200000, 0x00000000c4300000, 0x00000000c4300000|100%| S|CS|TAMS 0x00000000c4200000, 0x00000000c4200000| Complete 
|  45|0x00000000c4300000, 0x00000000c4300000, 0x00000000c4400000|  0%| F|  |TAMS 0x00000000c4300000, 0x00000000c4300000| Untracked 
|  46|0x00000000c4400000, 0x00000000c4400000, 0x00000000c4500000|  0%| F|  |TAMS 0x00000000c4400000, 0x00000000c4400000| Untracked 
|  47|0x00000000c4500000, 0x00000000c4500000, 0x00000000c4600000|  0%| F|  |TAMS 0x00000000c4500000, 0x00000000c4500000| Untracked 
|  48|0x00000000c4600000, 0x00000000c4600000, 0x00000000c4700000|  0%| F|  |TAMS 0x00000000c4600000, 0x00000000c4600000| Untracked 
|  49|0x00000000c4700000, 0x00000000c4700000, 0x00000000c4800000|  0%| F|  |TAMS 0x00000000c4700000, 0x00000000c4700000| Untracked 
|  50|0x00000000c4800000, 0x00000000c4800000, 0x00000000c4900000|  0%| F|  |TAMS 0x00000000c4800000, 0x00000000c4800000| Untracked 
|  51|0x00000000c4900000, 0x00000000c4900000, 0x00000000c4a00000|  0%| F|  |TAMS 0x00000000c4900000, 0x00000000c4900000| Untracked 
|  52|0x00000000c4a00000, 0x00000000c4a00000, 0x00000000c4b00000|  0%| F|  |TAMS 0x00000000c4a00000, 0x00000000c4a00000| Untracked 
|  53|0x00000000c4b00000, 0x00000000c4b00000, 0x00000000c4c00000|  0%| F|  |TAMS 0x00000000c4b00000, 0x00000000c4b00000| Untracked 
|  54|0x00000000c4c00000, 0x00000000c4c00000, 0x00000000c4d00000|  0%| F|  |TAMS 0x00000000c4c00000, 0x00000000c4c00000| Untracked 
|  55|0x00000000c4d00000, 0x00000000c4d00000, 0x00000000c4e00000|  0%| F|  |TAMS 0x00000000c4d00000, 0x00000000c4d00000| Untracked 
|  56|0x00000000c4e00000, 0x00000000c4e00000, 0x00000000c4f00000|  0%| F|  |TAMS 0x00000000c4e00000, 0x00000000c4e00000| Untracked 
|  57|0x00000000c4f00000, 0x00000000c4f00000, 0x00000000c5000000|  0%| F|  |TAMS 0x00000000c4f00000, 0x00000000c4f00000| Untracked 
|  58|0x00000000c5000000, 0x00000000c5000000, 0x00000000c5100000|  0%| F|  |TAMS 0x00000000c5000000, 0x00000000c5000000| Untracked 
|  59|0x00000000c5100000, 0x00000000c5100000, 0x00000000c5200000|  0%| F|  |TAMS 0x00000000c5100000, 0x00000000c5100000| Untracked 
|  60|0x00000000c5200000, 0x00000000c5200000, 0x00000000c5300000|  0%| F|  |TAMS 0x00000000c5200000, 0x00000000c5200000| Untracked 
|  61|0x00000000c5300000, 0x00000000c5300000, 0x00000000c5400000|  0%| F|  |TAMS 0x00000000c5300000, 0x00000000c5300000| Untracked 
|  62|0x00000000c5400000, 0x00000000c5400000, 0x00000000c5500000|  0%| F|  |TAMS 0x00000000c5400000, 0x00000000c5400000| Untracked 
|  63|0x00000000c5500000, 0x00000000c5500000, 0x00000000c5600000|  0%| F|  |TAMS 0x00000000c5500000, 0x00000000c5500000| Untracked 
|  64|0x00000000c5600000, 0x00000000c5600000, 0x00000000c5700000|  0%| F|  |TAMS 0x00000000c5600000, 0x00000000c5600000| Untracked 
|  65|0x00000000c5700000, 0x00000000c5700000, 0x00000000c5800000|  0%| F|  |TAMS 0x00000000c5700000, 0x00000000c5700000| Untracked 
|  66|0x00000000c5800000, 0x00000000c5800000, 0x00000000c5900000|  0%| F|  |TAMS 0x00000000c5800000, 0x00000000c5800000| Untracked 
|  67|0x00000000c5900000, 0x00000000c5900000, 0x00000000c5a00000|  0%| F|  |TAMS 0x00000000c5900000, 0x00000000c5900000| Untracked 
|  68|0x00000000c5a00000, 0x00000000c5a00000, 0x00000000c5b00000|  0%| F|  |TAMS 0x00000000c5a00000, 0x00000000c5a00000| Untracked 
|  69|0x00000000c5b00000, 0x00000000c5b00000, 0x00000000c5c00000|  0%| F|  |TAMS 0x00000000c5b00000, 0x00000000c5b00000| Untracked 
|  70|0x00000000c5c00000, 0x00000000c5c00000, 0x00000000c5d00000|  0%| F|  |TAMS 0x00000000c5c00000, 0x00000000c5c00000| Untracked 
|  71|0x00000000c5d00000, 0x00000000c5d00000, 0x00000000c5e00000|  0%| F|  |TAMS 0x00000000c5d00000, 0x00000000c5d00000| Untracked 
|  72|0x00000000c5e00000, 0x00000000c5e00000, 0x00000000c5f00000|  0%| F|  |TAMS 0x00000000c5e00000, 0x00000000c5e00000| Untracked 
|  73|0x00000000c5f00000, 0x00000000c5f00000, 0x00000000c6000000|  0%| F|  |TAMS 0x00000000c5f00000, 0x00000000c5f00000| Untracked 
|  74|0x00000000c6000000, 0x00000000c6000000, 0x00000000c6100000|  0%| F|  |TAMS 0x00000000c6000000, 0x00000000c6000000| Untracked 
|  75|0x00000000c6100000, 0x00000000c6100000, 0x00000000c6200000|  0%| F|  |TAMS 0x00000000c6100000, 0x00000000c6100000| Untracked 
|  76|0x00000000c6200000, 0x00000000c6200000, 0x00000000c6300000|  0%| F|  |TAMS 0x00000000c6200000, 0x00000000c6200000| Untracked 
|  77|0x00000000c6300000, 0x00000000c6300000, 0x00000000c6400000|  0%| F|  |TAMS 0x00000000c6300000, 0x00000000c6300000| Untracked 
|  78|0x00000000c6400000, 0x00000000c6400000, 0x00000000c6500000|  0%| F|  |TAMS 0x00000000c6400000, 0x00000000c6400000| Untracked 
|  79|0x00000000c6500000, 0x00000000c6500000, 0x00000000c6600000|  0%| F|  |TAMS 0x00000000c6500000, 0x00000000c6500000| Untracked 
|  80|0x00000000c6600000, 0x00000000c6600000, 0x00000000c6700000|  0%| F|  |TAMS 0x00000000c6600000, 0x00000000c6600000| Untracked 
|  81|0x00000000c6700000, 0x00000000c6700000, 0x00000000c6800000|  0%| F|  |TAMS 0x00000000c6700000, 0x00000000c6700000| Untracked 
|  82|0x00000000c6800000, 0x00000000c6800000, 0x00000000c6900000|  0%| F|  |TAMS 0x00000000c6800000, 0x00000000c6800000| Untracked 
|  83|0x00000000c6900000, 0x00000000c6900000, 0x00000000c6a00000|  0%| F|  |TAMS 0x00000000c6900000, 0x00000000c6900000| Untracked 
|  84|0x00000000c6a00000, 0x00000000c6a00000, 0x00000000c6b00000|  0%| F|  |TAMS 0x00000000c6a00000, 0x00000000c6a00000| Untracked 
|  85|0x00000000c6b00000, 0x00000000c6b00000, 0x00000000c6c00000|  0%| F|  |TAMS 0x00000000c6b00000, 0x00000000c6b00000| Untracked 
|  86|0x00000000c6c00000, 0x00000000c6c00000, 0x00000000c6d00000|  0%| F|  |TAMS 0x00000000c6c00000, 0x00000000c6c00000| Untracked 
|  87|0x00000000c6d00000, 0x00000000c6d00000, 0x00000000c6e00000|  0%| F|  |TAMS 0x00000000c6d00000, 0x00000000c6d00000| Untracked 
|  88|0x00000000c6e00000, 0x00000000c6e00000, 0x00000000c6f00000|  0%| F|  |TAMS 0x00000000c6e00000, 0x00000000c6e00000| Untracked 
|  89|0x00000000c6f00000, 0x00000000c6f00000, 0x00000000c7000000|  0%| F|  |TAMS 0x00000000c6f00000, 0x00000000c6f00000| Untracked 
|  90|0x00000000c7000000, 0x00000000c7000000, 0x00000000c7100000|  0%| F|  |TAMS 0x00000000c7000000, 0x00000000c7000000| Untracked 
|  91|0x00000000c7100000, 0x00000000c7100000, 0x00000000c7200000|  0%| F|  |TAMS 0x00000000c7100000, 0x00000000c7100000| Untracked 
|  92|0x00000000c7200000, 0x00000000c7200000, 0x00000000c7300000|  0%| F|  |TAMS 0x00000000c7200000, 0x00000000c7200000| Untracked 
|  93|0x00000000c7300000, 0x00000000c7300000, 0x00000000c7400000|  0%| F|  |TAMS 0x00000000c7300000, 0x00000000c7300000| Untracked 
|  94|0x00000000c7400000, 0x00000000c7400000, 0x00000000c7500000|  0%| F|  |TAMS 0x00000000c7400000, 0x00000000c7400000| Untracked 
|  95|0x00000000c7500000, 0x00000000c7500000, 0x00000000c7600000|  0%| F|  |TAMS 0x00000000c7500000, 0x00000000c7500000| Untracked 
|  96|0x00000000c7600000, 0x00000000c7600000, 0x00000000c7700000|  0%| F|  |TAMS 0x00000000c7600000, 0x00000000c7600000| Untracked 
|  97|0x00000000c7700000, 0x00000000c7700000, 0x00000000c7800000|  0%| F|  |TAMS 0x00000000c7700000, 0x00000000c7700000| Untracked 
|  98|0x00000000c7800000, 0x00000000c7800000, 0x00000000c7900000|  0%| F|  |TAMS 0x00000000c7800000, 0x00000000c7800000| Untracked 
|  99|0x00000000c7900000, 0x00000000c7900000, 0x00000000c7a00000|  0%| F|  |TAMS 0x00000000c7900000, 0x00000000c7900000| Untracked 
| 100|0x00000000c7a00000, 0x00000000c7a00000, 0x00000000c7b00000|  0%| F|  |TAMS 0x00000000c7a00000, 0x00000000c7a00000| Untracked 
| 101|0x00000000c7b00000, 0x00000000c7b00000, 0x00000000c7c00000|  0%| F|  |TAMS 0x00000000c7b00000, 0x00000000c7b00000| Untracked 
| 102|0x00000000c7c00000, 0x00000000c7c00000, 0x00000000c7d00000|  0%| F|  |TAMS 0x00000000c7c00000, 0x00000000c7c00000| Untracked 
| 103|0x00000000c7d00000, 0x00000000c7d00000, 0x00000000c7e00000|  0%| F|  |TAMS 0x00000000c7d00000, 0x00000000c7d00000| Untracked 
| 104|0x00000000c7e00000, 0x00000000c7e00000, 0x00000000c7f00000|  0%| F|  |TAMS 0x00000000c7e00000, 0x00000000c7e00000| Untracked 
| 105|0x00000000c7f00000, 0x00000000c7f00000, 0x00000000c8000000|  0%| F|  |TAMS 0x00000000c7f00000, 0x00000000c7f00000| Untracked 
| 106|0x00000000c8000000, 0x00000000c8000000, 0x00000000c8100000|  0%| F|  |TAMS 0x00000000c8000000, 0x00000000c8000000| Untracked 
| 107|0x00000000c8100000, 0x00000000c8100000, 0x00000000c8200000|  0%| F|  |TAMS 0x00000000c8100000, 0x00000000c8100000| Untracked 

Card table byte_map: [0x0000018ea41b0000,0x0000018ea43b0000] _byte_map_base: 0x0000018ea3ba5000

Marking Bits (Prev, Next): (CMBitMap*) 0x0000018e8bb52120, (CMBitMap*) 0x0000018e8bb520e8
 Prev Bits: [0x0000018ea5560000, 0x0000018ea6508000)
 Next Bits: [0x0000018ea45b0000, 0x0000018ea5558000)

Polling page: 0x0000018e8b9d0000

Metaspace:

Usage:
  Non-class:     53.46 MB capacity,    52.45 MB ( 98%) used,   820.83 KB (  1%) free+waste,   214.50 KB ( <1%) overhead. 
      Class:      8.51 MB capacity,     7.82 MB ( 92%) used,   600.80 KB (  7%) free+waste,   107.50 KB (  1%) overhead. 
       Both:     61.97 MB capacity,    60.27 MB ( 97%) used,     1.39 MB (  2%) free+waste,   322.00 KB ( <1%) overhead. 

Virtual space:
  Non-class space:       54.00 MB reserved,      53.58 MB (>99%) committed 
      Class space:        1.00 GB reserved,       8.57 MB ( <1%) committed 
             Both:        1.05 GB reserved,      62.15 MB (  6%) committed 

Chunk freelists:
   Non-Class:  7.38 KB
       Class:  0 bytes
        Both:  7.38 KB

CodeHeap 'non-profiled nmethods': size=120064Kb used=2138Kb max_used=2138Kb free=117925Kb
 bounds [0x0000018e9c450000, 0x0000018e9c6c0000, 0x0000018ea3990000]
CodeHeap 'profiled nmethods': size=120000Kb used=10033Kb max_used=10033Kb free=109967Kb
 bounds [0x0000018e94f20000, 0x0000018e958f0000, 0x0000018e9c450000]
CodeHeap 'non-nmethods': size=5696Kb used=1213Kb max_used=1263Kb free=4482Kb
 bounds [0x0000018e94990000, 0x0000018e94c00000, 0x0000018e94f20000]
 total_blobs=5239 nmethods=4657 adapters=493
 compilation: enabled
              stopped_count=0, restarted_count=0
 full_count=0

Compilation events (10 events):
Event: 12.824 Thread 0x0000018ea8b41000 4730       1       org.springframework.boot.autoconfigure.condition.ConditionEvaluationReport$ConditionAndOutcome::getOutcome (5 bytes)
Event: 12.825 Thread 0x0000018ea8b41000 nmethod 4730 0x0000018e9c666690 code [0x0000018e9c666820, 0x0000018e9c6668d8]
Event: 12.826 Thread 0x0000018ea8b41000 4731       2       java.util.TreeMap::forEach (58 bytes)
Event: 12.826 Thread 0x0000018ea8b41000 nmethod 4731 0x0000018e958ea710 code [0x0000018e958ea900, 0x0000018e958eacd8]
Event: 12.827 Thread 0x0000018ea8b41000 4732 %     3       java.util.TreeMap::forEach @ 15 (58 bytes)
Event: 12.828 Thread 0x0000018ea8b41000 nmethod 4732% 0x0000018e958eaf10 code [0x0000018e958eb120, 0x0000018e958eb838]
Event: 12.828 Thread 0x0000018ea8b41000 4733       2       org.springframework.boot.autoconfigure.condition.ConditionEvaluationReport$$Lambda$1206/0x0000000100883040::accept (16 bytes)
Event: 12.829 Thread 0x0000018ea8b41000 nmethod 4733 0x0000018e958ebb10 code [0x0000018e958ebcc0, 0x0000018e958ebe98]
Event: 12.829 Thread 0x0000018ea8b41000 4734       2       org.springframework.boot.autoconfigure.condition.ConditionEvaluationReport::lambda$getConditionAndOutcomesBySource$0 (13 bytes)
Event: 12.829 Thread 0x0000018ea8b41000 nmethod 4734 0x0000018e958ec010 code [0x0000018e958ec1c0, 0x0000018e958ec318]

GC Heap History (10 events):
Event: 7.286 GC heap after
{Heap after GC invocations=12 (full 0):
 garbage-first heap   total 110592K, used 17146K [0x00000000c1600000, 0x0000000100000000)
  region size 1024K, 5 young (5120K), 5 survivors (5120K)
 Metaspace       used 38260K, capacity 39449K, committed 39580K, reserved 1083392K
  class space    used 4634K, capacity 5164K, committed 5196K, reserved 1048576K
}
Event: 9.002 GC heap before
{Heap before GC invocations=12 (full 0):
 garbage-first heap   total 110592K, used 71418K [0x00000000c1600000, 0x0000000100000000)
  region size 1024K, 58 young (59392K), 5 survivors (5120K)
 Metaspace       used 45282K, capacity 46583K, committed 46876K, reserved 1089536K
  class space    used 5667K, capacity 6230K, committed 6348K, reserved 1048576K
}
Event: 9.014 GC heap after
{Heap after GC invocations=13 (full 0):
 garbage-first heap   total 110592K, used 19875K [0x00000000c1600000, 0x0000000100000000)
  region size 1024K, 6 young (6144K), 6 survivors (6144K)
 Metaspace       used 45282K, capacity 46583K, committed 46876K, reserved 1089536K
  class space    used 5667K, capacity 6230K, committed 6348K, reserved 1048576K
}
Event: 9.923 GC heap before
{Heap before GC invocations=13 (full 0):
 garbage-first heap   total 110592K, used 77219K [0x00000000c1600000, 0x0000000100000000)
  region size 1024K, 62 young (63488K), 6 survivors (6144K)
 Metaspace       used 51443K, capacity 52807K, committed 53148K, reserved 1095680K
  class space    used 6562K, capacity 7130K, committed 7244K, reserved 1048576K
}
Event: 9.944 GC heap after
{Heap after GC invocations=14 (full 0):
 garbage-first heap   total 110592K, used 20988K [0x00000000c1600000, 0x0000000100000000)
  region size 1024K, 6 young (6144K), 6 survivors (6144K)
 Metaspace       used 51443K, capacity 52807K, committed 53148K, reserved 1095680K
  class space    used 6562K, capacity 7130K, committed 7244K, reserved 1048576K
}
Event: 11.143 GC heap before
{Heap before GC invocations=14 (full 0):
 garbage-first heap   total 110592K, used 80380K [0x00000000c1600000, 0x0000000100000000)
  region size 1024K, 64 young (65536K), 6 survivors (6144K)
 Metaspace       used 55983K, capacity 57439K, committed 57628K, reserved 1099776K
  class space    used 7179K, capacity 7777K, committed 7884K, reserved 1048576K
}
Event: 11.165 GC heap after
{Heap after GC invocations=15 (full 0):
 garbage-first heap   total 110592K, used 23612K [0x00000000c1600000, 0x0000000100000000)
  region size 1024K, 7 young (7168K), 7 survivors (7168K)
 Metaspace       used 55983K, capacity 57439K, committed 57628K, reserved 1099776K
  class space    used 7179K, capacity 7777K, committed 7884K, reserved 1048576K
}
Event: 11.851 GC heap before
{Heap before GC invocations=15 (full 0):
 garbage-first heap   total 110592K, used 55356K [0x00000000c1600000, 0x0000000100000000)
  region size 1024K, 39 young (39936K), 7 survivors (7168K)
 Metaspace       used 58631K, capacity 60262K, committed 60316K, reserved 1101824K
  class space    used 7553K, capacity 8229K, committed 8268K, reserved 1048576K
}
Event: 11.872 GC heap after
{Heap after GC invocations=16 (full 0):
 garbage-first heap   total 110592K, used 24616K [0x00000000c1600000, 0x0000000100000000)
  region size 1024K, 5 young (5120K), 5 survivors (5120K)
 Metaspace       used 58631K, capacity 60262K, committed 60316K, reserved 1101824K
  class space    used 7553K, capacity 8229K, committed 8268K, reserved 1048576K
}
Event: 12.848 GC heap before
{Heap before GC invocations=17 (full 0):
 garbage-first heap   total 110592K, used 84008K [0x00000000c1600000, 0x0000000100000000)
  region size 1024K, 63 young (64512K), 5 survivors (5120K)
 Metaspace       used 61716K, capacity 63460K, committed 63644K, reserved 1103872K
  class space    used 8010K, capacity 8719K, committed 8780K, reserved 1048576K
}

Deoptimization events (10 events):
Event: 10.496 Thread 0x0000018e8bb27800 Uncommon trap: reason=unstable_if action=reinterpret pc=0x0000018e9c5b9b7c method=java.lang.Integer.getChars(II[B)I @ 4 c2
Event: 10.875 Thread 0x0000018e8bb27800 Uncommon trap: reason=unstable_if action=reinterpret pc=0x0000018e9c57cdcc method=org.springframework.beans.factory.support.AbstractAutowireCapableBeanFactory.determineTargetType(Ljava/lang/String;Lorg/springframework/beans/factory/support/RootBeanDefinit
Event: 10.905 Thread 0x0000018e8bb27800 Uncommon trap: reason=unstable_if action=reinterpret pc=0x0000018e9c5fce64 method=java.lang.PublicMethods$MethodList.filter([Ljava/lang/reflect/Method;Ljava/lang/String;[Ljava/lang/Class;Z)Ljava/lang/PublicMethods$MethodList; @ 43 c2
Event: 10.909 Thread 0x0000018e8bb27800 Uncommon trap: reason=unstable_if action=reinterpret pc=0x0000018e9c5cbf6c method=java.util.ArrayDeque.addLast(Ljava/lang/Object;)V @ 42 c2
Event: 10.972 Thread 0x0000018e8bb27800 Uncommon trap: reason=unstable_if action=reinterpret pc=0x0000018e9c610670 method=java.util.WeakHashMap.put(Ljava/lang/Object;Ljava/lang/Object;)Ljava/lang/Object; @ 148 c2
Event: 11.221 Thread 0x0000018e8bb27800 Uncommon trap: reason=speculate_null_assert action=make_not_entrant pc=0x0000018e9c569298 method=org.springframework.util.ConcurrentReferenceHashMap$Segment.restructureIfNecessary(Z)V @ 41 c2
Event: 11.830 Thread 0x0000018e8bb27800 Uncommon trap: reason=unstable_if action=reinterpret pc=0x0000018e9c54dfc4 method=java.util.WeakHashMap.expungeStaleEntries()V @ 66 c2
Event: 12.210 Thread 0x0000018e8bb27800 Uncommon trap: reason=unstable_if action=reinterpret pc=0x0000018e9c5b4760 method=java.util.concurrent.ConcurrentHashMap.putVal(Ljava/lang/Object;Ljava/lang/Object;Z)Ljava/lang/Object; @ 401 c2
Event: 12.212 Thread 0x0000018e8bb27800 Uncommon trap: reason=unstable_if action=reinterpret pc=0x0000018e9c5f5ad0 method=java.util.concurrent.ConcurrentHashMap.get(Ljava/lang/Object;)Ljava/lang/Object; @ 86 c2
Event: 12.655 Thread 0x0000018e8bb27800 Uncommon trap: reason=unstable_if action=reinterpret pc=0x0000018e9c549d88 method=org.springframework.util.ObjectUtils.nullSafeEquals(Ljava/lang/Object;Ljava/lang/Object;)Z @ 12 c2

Classes redefined (0 events):
No events

Internal exceptions (10 events):
Event: 12.651 Thread 0x0000018e8bb27800 Exception <a 'java/lang/ClassNotFoundException'{0x00000000c4ca5ac0}: org/springframework/context/MessageSourceAwareCustomizer> (0x00000000c4ca5ac0) thrown at [./open/src/hotspot/share/classfile/systemDictionary.cpp, line 226]
Event: 12.652 Thread 0x0000018e8bb27800 Exception <a 'java/lang/ClassNotFoundException'{0x00000000c4cbb368}: org/springframework/beans/factory/AwareCustomizer> (0x00000000c4cbb368) thrown at [./open/src/hotspot/share/classfile/systemDictionary.cpp, line 226]
Event: 12.655 Thread 0x0000018e8bb27800 Implicit null exception at 0x0000018e9c549cbd to 0x0000018e9c549d76
Event: 12.657 Thread 0x0000018e8bb27800 Exception <a 'java/lang/ClassNotFoundException'{0x00000000c4cd8eb8}: java/lang/ObjectCustomizer> (0x00000000c4cd8eb8) thrown at [./open/src/hotspot/share/classfile/systemDictionary.cpp, line 226]
Event: 12.663 Thread 0x0000018e8bb27800 Exception <a 'java/lang/ClassNotFoundException'{0x00000000c4cf3f78}: org/springframework/security/authentication/ProviderManagerCustomizer> (0x00000000c4cf3f78) thrown at [./open/src/hotspot/share/classfile/systemDictionary.cpp, line 226]
Event: 12.666 Thread 0x0000018e8bb27800 Exception <a 'java/lang/ClassNotFoundException'{0x00000000c4b16bf8}: org/springframework/security/authentication/AuthenticationManagerCustomizer> (0x00000000c4b16bf8) thrown at [./open/src/hotspot/share/classfile/systemDictionary.cpp, line 226]
Event: 12.671 Thread 0x0000018e8bb27800 Exception <a 'java/lang/ClassNotFoundException'{0x00000000c4b2d000}: org/springframework/context/MessageSourceAwareCustomizer> (0x00000000c4b2d000) thrown at [./open/src/hotspot/share/classfile/systemDictionary.cpp, line 226]
Event: 12.672 Thread 0x0000018e8bb27800 Exception <a 'java/lang/ClassNotFoundException'{0x00000000c4b421d0}: org/springframework/beans/factory/AwareCustomizer> (0x00000000c4b421d0) thrown at [./open/src/hotspot/share/classfile/systemDictionary.cpp, line 226]
Event: 12.673 Thread 0x0000018e8bb27800 Exception <a 'java/lang/ClassNotFoundException'{0x00000000c4b58a48}: org/springframework/beans/factory/InitializingBeanCustomizer> (0x00000000c4b58a48) thrown at [./open/src/hotspot/share/classfile/systemDictionary.cpp, line 226]
Event: 12.787 Thread 0x0000018e8bb27800 Exception <a 'java/lang/reflect/InvocationTargetException'{0x00000000c45e4610}> (0x00000000c45e4610) thrown at [./open/src/hotspot/share/runtime/reflection.cpp, line 1242]

Events (10 events):
Event: 12.846 loading class org/springframework/boot/web/server/PortInUseException done
Event: 12.847 loading class org/springframework/boot/web/server/WebServerException
Event: 12.847 loading class org/springframework/boot/web/server/WebServerException done
Event: 12.847 loading class org/springframework/boot/diagnostics/analyzer/ValidationExceptionFailureAnalyzer
Event: 12.847 loading class org/springframework/boot/diagnostics/analyzer/ValidationExceptionFailureAnalyzer done
Event: 12.848 loading class org/springframework/boot/diagnostics/analyzer/InvalidConfigurationPropertyNameFailureAnalyzer
Event: 12.848 loading class org/springframework/boot/diagnostics/analyzer/InvalidConfigurationPropertyNameFailureAnalyzer done
Event: 12.848 loading class org/springframework/boot/diagnostics/analyzer/InvalidConfigurationPropertyValueFailureAnalyzer
Event: 12.848 loading class org/springframework/boot/diagnostics/analyzer/InvalidConfigurationPropertyValueFailureAnalyzer done
Event: 12.848 Executing VM operation: G1CollectForAllocation


Dynamic libraries:
0x00007ff7f9460000 - 0x00007ff7f946f000 	C:\Program Files\Java\jdk-11.0.16\bin\java.exe
0x00007ffec2670000 - 0x00007ffec2867000 	C:\WINDOWS\SYSTEM32\ntdll.dll
0x00007ffec2000000 - 0x00007ffec20bd000 	C:\WINDOWS\System32\KERNEL32.DLL
0x00007ffec0150000 - 0x00007ffec041d000 	C:\WINDOWS\System32\KERNELBASE.dll
0x00007ffebfdc0000 - 0x00007ffebfec0000 	C:\WINDOWS\System32\ucrtbase.dll
0x00007ffebad90000 - 0x00007ffebada5000 	C:\Program Files\Java\jdk-11.0.16\bin\VCRUNTIME140.dll
0x00007ffea62a0000 - 0x00007ffea62b8000 	C:\Program Files\Java\jdk-11.0.16\bin\jli.dll
0x00007ffec0ce0000 - 0x00007ffec0d8e000 	C:\WINDOWS\System32\ADVAPI32.dll
0x00007ffec0990000 - 0x00007ffec0a2e000 	C:\WINDOWS\System32\msvcrt.dll
0x00007ffec1530000 - 0x00007ffec15cc000 	C:\WINDOWS\System32\sechost.dll
0x00007ffec1320000 - 0x00007ffec1445000 	C:\WINDOWS\System32\RPCRT4.dll
0x00007ffec0790000 - 0x00007ffec0930000 	C:\WINDOWS\System32\USER32.dll
0x00007ffec0590000 - 0x00007ffec05b2000 	C:\WINDOWS\System32\win32u.dll
0x00007ffeb2cc0000 - 0x00007ffeb2f5a000 	C:\WINDOWS\WinSxS\amd64_microsoft.windows.common-controls_6595b64144ccf1df_6.0.19041.1110_none_60b5254171f9507e\COMCTL32.dll
0x00007ffec0a30000 - 0x00007ffec0a5a000 	C:\WINDOWS\System32\GDI32.dll
0x00007ffec05c0000 - 0x00007ffec06cb000 	C:\WINDOWS\System32\gdi32full.dll
0x00007ffebfec0000 - 0x00007ffebff5d000 	C:\WINDOWS\System32\msvcp_win.dll
0x00007ffeb7780000 - 0x00007ffeb778a000 	C:\WINDOWS\SYSTEM32\VERSION.dll
0x00007ffec15d0000 - 0x00007ffec1600000 	C:\WINDOWS\System32\IMM32.DLL
0x00007ffe98cd0000 - 0x00007ffe98d6b000 	C:\Program Files\Java\jdk-11.0.16\bin\msvcp140.dll
0x00007ffe8c900000 - 0x00007ffe8d418000 	C:\Program Files\Java\jdk-11.0.16\bin\server\jvm.dll
0x00007ffec1600000 - 0x00007ffec1608000 	C:\WINDOWS\System32\PSAPI.DLL
0x00007ffeb3760000 - 0x00007ffeb3787000 	C:\WINDOWS\SYSTEM32\WINMM.dll
0x00007ffebbb20000 - 0x00007ffebbb29000 	C:\WINDOWS\SYSTEM32\WSOCK32.dll
0x00007ffec2420000 - 0x00007ffec248b000 	C:\WINDOWS\System32\WS2_32.dll
0x00007ffebdc90000 - 0x00007ffebdca2000 	C:\WINDOWS\SYSTEM32\kernel.appcore.dll
0x00007ffebb9a0000 - 0x00007ffebb9b0000 	C:\Program Files\Java\jdk-11.0.16\bin\verify.dll
0x00007ffeaf480000 - 0x00007ffeaf664000 	C:\WINDOWS\SYSTEM32\DBGHELP.DLL
0x00007ffeaf450000 - 0x00007ffeaf47c000 	C:\WINDOWS\SYSTEM32\dbgcore.DLL
0x00007ffec00c0000 - 0x00007ffec0142000 	C:\WINDOWS\System32\bcryptPrimitives.dll
0x00007ffea69a0000 - 0x00007ffea69c8000 	C:\Program Files\Java\jdk-11.0.16\bin\java.dll
0x00007ffeba950000 - 0x00007ffeba95a000 	C:\Program Files\Java\jdk-11.0.16\bin\jimage.dll
0x00007ffeb94d0000 - 0x00007ffeb94e6000 	C:\Program Files\Java\jdk-11.0.16\bin\zip.dll
0x00007ffec17d0000 - 0x00007ffec1f14000 	C:\WINDOWS\System32\SHELL32.dll
0x00007ffebde90000 - 0x00007ffebe624000 	C:\WINDOWS\SYSTEM32\windows.storage.dll
0x00007ffec20c0000 - 0x00007ffec2414000 	C:\WINDOWS\System32\combase.dll
0x00007ffebf7f0000 - 0x00007ffebf81c000 	C:\WINDOWS\SYSTEM32\Wldp.dll
0x00007ffec2490000 - 0x00007ffec253d000 	C:\WINDOWS\System32\SHCORE.dll
0x00007ffec2540000 - 0x00007ffec2595000 	C:\WINDOWS\System32\shlwapi.dll
0x00007ffebfcd0000 - 0x00007ffebfcef000 	C:\WINDOWS\SYSTEM32\profapi.dll
0x00007ffea6920000 - 0x00007ffea6939000 	C:\Program Files\Java\jdk-11.0.16\bin\net.dll
0x00007ffeb8860000 - 0x00007ffeb896a000 	C:\WINDOWS\SYSTEM32\WINHTTP.dll
0x00007ffebf550000 - 0x00007ffebf5ba000 	C:\WINDOWS\system32\mswsock.dll
0x00007ffea6430000 - 0x00007ffea6442000 	C:\Program Files\Java\jdk-11.0.16\bin\nio.dll
0x00007ffeb95a0000 - 0x00007ffeb95a9000 	C:\Program Files\Java\jdk-11.0.16\bin\management.dll
0x00007ffeafbb0000 - 0x00007ffeafbbb000 	C:\Program Files\Java\jdk-11.0.16\bin\management_ext.dll
0x00007ffebb370000 - 0x00007ffebb387000 	C:\WINDOWS\system32\napinsp.dll
0x00007ffebb350000 - 0x00007ffebb36b000 	C:\WINDOWS\system32\pnrpnsp.dll
0x00007ffea1f10000 - 0x00007ffea1f25000 	C:\WINDOWS\system32\wshbth.dll
0x00007ffebba30000 - 0x00007ffebba4d000 	C:\WINDOWS\system32\NLAapi.dll
0x00007ffebf1f0000 - 0x00007ffebf22b000 	C:\WINDOWS\SYSTEM32\IPHLPAPI.DLL
0x00007ffebf240000 - 0x00007ffebf30b000 	C:\WINDOWS\SYSTEM32\DNSAPI.dll
0x00007ffec1610000 - 0x00007ffec1618000 	C:\WINDOWS\System32\NSI.dll
0x00007ffebb330000 - 0x00007ffebb342000 	C:\WINDOWS\System32\winrnr.dll
0x00007ffeb1d20000 - 0x00007ffeb1d2a000 	C:\Windows\System32\rasadhlp.dll
0x00007ffeb2970000 - 0x00007ffeb29f0000 	C:\WINDOWS\System32\fwpuclnt.dll
0x00007ffebfd90000 - 0x00007ffebfdb7000 	C:\WINDOWS\System32\bcrypt.dll
0x00007ffebf740000 - 0x00007ffebf758000 	C:\WINDOWS\SYSTEM32\CRYPTSP.dll
0x00007ffebee60000 - 0x00007ffebee94000 	C:\WINDOWS\system32\rsaenh.dll
0x00007ffebfc50000 - 0x00007ffebfc7e000 	C:\WINDOWS\SYSTEM32\USERENV.dll
0x00007ffebf760000 - 0x00007ffebf76c000 	C:\WINDOWS\SYSTEM32\CRYPTBASE.dll
0x00007ffeb81f0000 - 0x00007ffeb8207000 	C:\WINDOWS\SYSTEM32\dhcpcsvc6.DLL
0x00007ffeb8160000 - 0x00007ffeb817d000 	C:\WINDOWS\SYSTEM32\dhcpcsvc.DLL

dbghelp: loaded successfully - version: 4.0.5 - missing functions: none
symbol engine: initialized successfully - sym options: 0x614 - pdb path: .;C:\Program Files\Java\jdk-11.0.16\bin;C:\WINDOWS\SYSTEM32;C:\WINDOWS\WinSxS\amd64_microsoft.windows.common-controls_6595b64144ccf1df_6.0.19041.1110_none_60b5254171f9507e;C:\Program Files\Java\jdk-11.0.16\bin\server

VM Arguments:
java_command: C:\Users\Admin\AppData\Local\Temp\surefire3953716112407405852\surefirebooter15189359293070473137.jar C:\Users\Admin\AppData\Local\Temp\surefire3953716112407405852 2023-03-26T18-26-05_696-jvmRun1 surefire5249870086628506883tmp surefire_05332237379877347378tmp
java_class_path (initial): C:\Users\Admin\AppData\Local\Temp\surefire3953716112407405852\surefirebooter15189359293070473137.jar
Launcher Type: SUN_STANDARD

[Global flags]
     intx CICompilerCount                          = 3                                         {product} {ergonomic}
     uint ConcGCThreads                            = 1                                         {product} {ergonomic}
     uint G1ConcRefinementThreads                  = 4                                         {product} {ergonomic}
   size_t G1HeapRegionSize                         = 1048576                                   {product} {ergonomic}
    uintx GCDrainStackTargetSize                   = 64                                        {product} {ergonomic}
   size_t InitialHeapSize                          = 67108864                                  {product} {ergonomic}
   size_t MarkStackSize                            = 4194304                                   {product} {ergonomic}
   size_t MaxHeapSize                              = 1050673152                                {product} {ergonomic}
   size_t MaxNewSize                               = 630194176                                 {product} {ergonomic}
   size_t MinHeapDeltaBytes                        = 1048576                                   {product} {ergonomic}
    uintx NonNMethodCodeHeapSize                   = 5830732                                {pd product} {ergonomic}
    uintx NonProfiledCodeHeapSize                  = 122913754                              {pd product} {ergonomic}
    uintx ProfiledCodeHeapSize                     = 122913754                              {pd product} {ergonomic}
    uintx ReservedCodeCacheSize                    = 251658240                              {pd product} {ergonomic}
     bool SegmentedCodeCache                       = true                                      {product} {ergonomic}
     bool UseCompressedClassPointers               = true                                 {lp64_product} {ergonomic}
     bool UseCompressedOops                        = true                                 {lp64_product} {ergonomic}
     bool UseG1GC                                  = true                                      {product} {ergonomic}
     bool UseLargePagesIndividualAllocation        = false                                  {pd product} {ergonomic}

Logging:
Log output configuration:
 #0: stdout all=warning uptime,level,tags
 #1: stderr all=off uptime,level,tags

Environment Variables:
JAVA_HOME=C:\Program Files\Java\jdk-11.0.16
PATH=C:\cygwin64;C:\Program Files\nodejs\;C:\Program Files\Java\jdk1.8.0_181\bin;C:\Users\Admin\AppData\Local\Programs\Microsoft VS Code\bin;C:\Users\Admin\AppData\Local\Microsoft\WindowsApps;C:\Program Files\Azure Data Studio\bin;C:\Program Files\Azure Data Studio\bin;C:\php815;C:\Users\Admin\AppData\Roaming\Composer\vendor\bin;C:\Program Files\Azure Data Studio\bin;C:\Users\Admin\.dotnet\tools;C:\Users\Admin\AppData\Local\GitHubDesktop\bin;C:\Users\Admin\AppData\Roaming\npm;C:\Program Files\nodejs;
USERNAME=Admin
OS=Windows_NT
PROCESSOR_IDENTIFIER=Intel64 Family 6 Model 69 Stepping 1, GenuineIntel



---------------  S Y S T E M  ---------------

OS: Windows 10 , 64 bit Build 19041 (10.0.19041.1741)

CPU:total 4 (initial active 4) (2 cores per cpu, 2 threads per core) family 6 model 69 stepping 1 microcode 0x25, cmov, cx8, fxsr, mmx, sse, sse2, sse3, ssse3, sse4.1, sse4.2, popcnt, avx, avx2, aes, clmul, erms, lzcnt, ht, tsc, tscinvbit, bmi1, bmi2, fma

Memory: 4k page, system-wide physical 4001M (314M free)
TotalPageFile size 9251M (AvailPageFile size 20M)
current process WorkingSet (physical memory assigned to process): 266M, peak: 269M
current process commit charge ("private bytes"): 302M, peak: 327M

vm_info: Java HotSpot(TM) 64-Bit Server VM (11.0.16+11-LTS-199) for windows-amd64 JRE (11.0.16+11-LTS-199), built on Jun 28 2022 08:23:17 by "mach5one" with MS VC++ 15.9 (VS2017)

END.
