#
# There is insufficient memory for the Java Runtime Environment to continue.
# Native memory allocation (malloc) failed to allocate 2163216 bytes for Chunk::new
# Possible reasons:
#   The system is out of physical RAM or swap space
#   The process is running with CompressedOops enabled, and the Java Heap may be blocking the growth of the native heap
# Possible solutions:
#   Reduce memory load on the system
#   Increase physical memory or swap space
#   Check if swap backing store is full
#   Decrease Java heap size (-Xmx/-Xms)
#   Decrease number of Java threads
#   Decrease Java thread stack sizes (-Xss)
#   Set larger code cache with -XX:ReservedCodeCacheSize=
#   JVM is running with Unscaled Compressed Oops mode in which the Java heap is
#     placed in the first 4GB address space. The Java Heap base address is the
#     maximum limit for the native heap growth. Please use -XX:HeapBaseMinAddress
#     to set the Java Heap base and to place the Java Heap above 4GB virtual address.
# This output file may be truncated or incomplete.
#
#  Out of Memory Error (./open/src/hotspot/share/memory/arena.cpp:197), pid=11012, tid=8188
#
# JRE version: Java(TM) SE Runtime Environment 18.9 (11.0.16+11) (build 11.0.16+11-LTS-199)
# Java VM: Java HotSpot(TM) 64-Bit Server VM 18.9 (11.0.16+11-LTS-199, mixed mode, tiered, compressed oops, g1 gc, windows-amd64)
# No core dump will be written. Minidumps are not enabled by default on client versions of Windows
#

---------------  S U M M A R Y ------------

Command Line: C:\Users\Admin\AppData\Local\Temp\surefire1640674569225584344\surefirebooter13357517912601102817.jar C:\Users\Admin\AppData\Local\Temp\surefire1640674569225584344 2023-03-26T18-19-41_312-jvmRun1 surefire12782813914317785039tmp surefire_010236638708400477730tmp

Host: Intel(R) Core(TM) i5-4310U CPU @ 2.00GHz, 4 cores, 3G,  Windows 10 , 64 bit Build 19041 (10.0.19041.1741)
Time: Sun Mar 26 18:19:48 2023 SE Asia Standard Time elapsed time: 6.001308 seconds (0d 0h 0m 6s)

---------------  T H R E A D  ---------------

Current thread (0x000001a2c699e800):  JavaThread "C2 CompilerThread0" daemon [_thread_in_native, id=8188, stack(0x0000004bda900000,0x0000004bdaa00000)]


Current CompileTask:
C2:   6001 3177       4       org.springframework.core.ResolvableType::forType (115 bytes)

Stack: [0x0000004bda900000,0x0000004bdaa00000]
Native frames: (J=compiled Java code, j=interpreted, Vv=VM code, C=native code)
V  [jvm.dll+0x62a3ea]
V  [jvm.dll+0x76418f]
V  [jvm.dll+0x765839]
V  [jvm.dll+0x765ec3]
V  [jvm.dll+0x23da98]
V  [jvm.dll+0xb2a1c]
V  [jvm.dll+0xb2fdc]
V  [jvm.dll+0x341487]
V  [jvm.dll+0x30ec83]
V  [jvm.dll+0x30dfca]
V  [jvm.dll+0x1f84a5]
V  [jvm.dll+0x1f768d]
V  [jvm.dll+0x177c81]
V  [jvm.dll+0x207006]
V  [jvm.dll+0x20519b]
V  [jvm.dll+0x729fa0]
V  [jvm.dll+0x722b74]
V  [jvm.dll+0x629286]
C  [ucrtbase.dll+0x21bb2]
C  [KERNEL32.DLL+0x17034]
C  [ntdll.dll+0x52651]


---------------  P R O C E S S  ---------------

Threads class SMR info:
_java_thread_list=0x000001a2c8799d80, length=12, elements={
0x000001a2ab0d6000, 0x000001a2c6959000, 0x000001a2c6988800, 0x000001a2c69ec800,
0x000001a2c69ed800, 0x000001a2c6997000, 0x000001a2c699e800, 0x000001a2c699f800,
0x000001a2c69a3000, 0x000001a2c6c76000, 0x000001a2c6d6a000, 0x000001a2c6f75000
}

Java Threads: ( => current thread )
  0x000001a2ab0d6000 JavaThread "main" [_thread_blocked, id=7296, stack(0x0000004bd9d00000,0x0000004bd9e00000)]
  0x000001a2c6959000 JavaThread "Reference Handler" daemon [_thread_blocked, id=3032, stack(0x0000004bda400000,0x0000004bda500000)]
  0x000001a2c6988800 JavaThread "Finalizer" daemon [_thread_blocked, id=14052, stack(0x0000004bda500000,0x0000004bda600000)]
  0x000001a2c69ec800 JavaThread "Signal Dispatcher" daemon [_thread_blocked, id=6956, stack(0x0000004bda600000,0x0000004bda700000)]
  0x000001a2c69ed800 JavaThread "Attach Listener" daemon [_thread_blocked, id=1372, stack(0x0000004bda700000,0x0000004bda800000)]
  0x000001a2c6997000 JavaThread "Service Thread" daemon [_thread_blocked, id=10908, stack(0x0000004bda800000,0x0000004bda900000)]
=>0x000001a2c699e800 JavaThread "C2 CompilerThread0" daemon [_thread_in_native, id=8188, stack(0x0000004bda900000,0x0000004bdaa00000)]
  0x000001a2c699f800 JavaThread "C1 CompilerThread0" daemon [_thread_blocked, id=10012, stack(0x0000004bdaa00000,0x0000004bdab00000)]
  0x000001a2c69a3000 JavaThread "Sweeper thread" daemon [_thread_blocked, id=4888, stack(0x0000004bdab00000,0x0000004bdac00000)]
  0x000001a2c6c76000 JavaThread "Common-Cleaner" daemon [_thread_blocked, id=11684, stack(0x0000004bdad00000,0x0000004bdae00000)]
  0x000001a2c6d6a000 JavaThread "surefire-forkedjvm-command-thread" daemon [_thread_in_native, id=8332, stack(0x0000004bdae00000,0x0000004bdaf00000)]
  0x000001a2c6f75000 JavaThread "surefire-forkedjvm-ping-30s" daemon [_thread_blocked, id=3044, stack(0x0000004bdaf00000,0x0000004bdb000000)]

Other Threads:
  0x000001a2c6955000 VMThread "VM Thread" [stack: 0x0000004bda300000,0x0000004bda400000] [id=13012]
  0x000001a2c6c73000 WatcherThread [stack: 0x0000004bdac00000,0x0000004bdad00000] [id=2352]
  0x000001a2ab0ec800 GCTaskThread "GC Thread#0" [stack: 0x0000004bd9e00000,0x0000004bd9f00000] [id=8396]
  0x000001a2c72de000 GCTaskThread "GC Thread#1" [stack: 0x0000004bdb000000,0x0000004bdb100000] [id=11704]
  0x000001a2c7ee6000 GCTaskThread "GC Thread#2" [stack: 0x0000004bdb300000,0x0000004bdb400000] [id=7160]
  0x000001a2c85ab000 GCTaskThread "GC Thread#3" [stack: 0x0000004bdb400000,0x0000004bdb500000] [id=9732]
  0x000001a2ab106000 ConcurrentGCThread "G1 Main Marker" [stack: 0x0000004bd9f00000,0x0000004bda000000] [id=11308]
  0x000001a2ab107800 ConcurrentGCThread "G1 Conc#0" [stack: 0x0000004bda000000,0x0000004bda100000] [id=7880]
  0x000001a2ab15f000 ConcurrentGCThread "G1 Refine#0" [stack: 0x0000004bda100000,0x0000004bda200000] [id=5004]
  0x000001a2c758d800 ConcurrentGCThread "G1 Refine#1" [stack: 0x0000004bdb100000,0x0000004bdb200000] [id=12392]
  0x000001a2ab160000 ConcurrentGCThread "G1 Young RemSet Sampling" [stack: 0x0000004bda200000,0x0000004bda300000] [id=848]

Threads with active compile tasks:
C2 CompilerThread0     6060 3177       4       org.springframework.core.ResolvableType::forType (115 bytes)

VM state:at safepoint (normal execution)

VM Mutex/Monitor currently owned by a thread:  ([mutex/lock_event])
[0x000001a2ab0d0be0] Threads_lock - owner thread: 0x000001a2c6955000
[0x000001a2ab0d1210] Heap_lock - owner thread: 0x000001a2ab0d6000

Heap address: 0x00000000c1600000, size: 1002 MB, Compressed Oops mode: 32-bit
Narrow klass base: 0x0000000000000000, Narrow klass shift: 3
Compressed class space size: 1073741824 Address: 0x0000000100000000

Heap:
 garbage-first heap   total 100352K, used 15743K [0x00000000c1600000, 0x0000000100000000)
  region size 1024K, 4 young (4096K), 4 survivors (4096K)
 Metaspace       used 34864K, capacity 35865K, committed 35920K, reserved 1081344K
  class space    used 4169K, capacity 4605K, committed 4608K, reserved 1048576K
Heap Regions: E=young(eden), S=young(survivor), O=old, HS=humongous(starts), HC=humongous(continues), CS=collection set, F=free, A=archive, TAMS=top-at-mark-start (previous, next)
|   0|0x00000000c1600000, 0x00000000c1700000, 0x00000000c1700000|100%|HS|  |TAMS 0x00000000c1700000, 0x00000000c1700000| Complete 
|   1|0x00000000c1700000, 0x00000000c1800000, 0x00000000c1800000|100%| O|  |TAMS 0x00000000c1800000, 0x00000000c1800000| Untracked 
|   2|0x00000000c1800000, 0x00000000c1900000, 0x00000000c1900000|100%| O|  |TAMS 0x00000000c1900000, 0x00000000c1900000| Untracked 
|   3|0x00000000c1900000, 0x00000000c1a00000, 0x00000000c1a00000|100%| O|  |TAMS 0x00000000c1a00000, 0x00000000c1a00000| Untracked 
|   4|0x00000000c1a00000, 0x00000000c1b00000, 0x00000000c1b00000|100%| O|  |TAMS 0x00000000c1b00000, 0x00000000c1b00000| Untracked 
|   5|0x00000000c1b00000, 0x00000000c1c00000, 0x00000000c1c00000|100%| O|  |TAMS 0x00000000c1c00000, 0x00000000c1c00000| Untracked 
|   6|0x00000000c1c00000, 0x00000000c1d00000, 0x00000000c1d00000|100%| O|  |TAMS 0x00000000c1d00000, 0x00000000c1d00000| Untracked 
|   7|0x00000000c1d00000, 0x00000000c1e00000, 0x00000000c1e00000|100%| O|  |TAMS 0x00000000c1d88200, 0x00000000c1e00000| Untracked 
|   8|0x00000000c1e00000, 0x00000000c1f00000, 0x00000000c1f00000|100%| O|  |TAMS 0x00000000c1e00000, 0x00000000c1f00000| Untracked 
|   9|0x00000000c1f00000, 0x00000000c2000000, 0x00000000c2000000|100%| O|  |TAMS 0x00000000c1f00000, 0x00000000c2000000| Untracked 
|  10|0x00000000c2000000, 0x00000000c2100000, 0x00000000c2100000|100%| O|  |TAMS 0x00000000c2000000, 0x00000000c2100000| Untracked 
|  11|0x00000000c2100000, 0x00000000c2164000, 0x00000000c2200000| 39%| O|  |TAMS 0x00000000c2100000, 0x00000000c2164000| Untracked 
|  12|0x00000000c2200000, 0x00000000c2200000, 0x00000000c2300000|  0%| F|  |TAMS 0x00000000c2200000, 0x00000000c2200000| Untracked 
|  13|0x00000000c2300000, 0x00000000c2300000, 0x00000000c2400000|  0%| F|  |TAMS 0x00000000c2300000, 0x00000000c2300000| Untracked 
|  14|0x00000000c2400000, 0x00000000c2400000, 0x00000000c2500000|  0%| F|  |TAMS 0x00000000c2400000, 0x00000000c2400000| Untracked 
|  15|0x00000000c2500000, 0x00000000c2500000, 0x00000000c2600000|  0%| F|  |TAMS 0x00000000c2500000, 0x00000000c2500000| Untracked 
|  16|0x00000000c2600000, 0x00000000c2600000, 0x00000000c2700000|  0%| F|  |TAMS 0x00000000c2600000, 0x00000000c2600000| Untracked 
|  17|0x00000000c2700000, 0x00000000c2700000, 0x00000000c2800000|  0%| F|  |TAMS 0x00000000c2700000, 0x00000000c2700000| Untracked 
|  18|0x00000000c2800000, 0x00000000c2800000, 0x00000000c2900000|  0%| F|  |TAMS 0x00000000c2800000, 0x00000000c2800000| Untracked 
|  19|0x00000000c2900000, 0x00000000c2900000, 0x00000000c2a00000|  0%| F|  |TAMS 0x00000000c2900000, 0x00000000c2900000| Untracked 
|  20|0x00000000c2a00000, 0x00000000c2a00000, 0x00000000c2b00000|  0%| F|  |TAMS 0x00000000c2a00000, 0x00000000c2a00000| Untracked 
|  21|0x00000000c2b00000, 0x00000000c2b00000, 0x00000000c2c00000|  0%| F|  |TAMS 0x00000000c2b00000, 0x00000000c2b00000| Untracked 
|  22|0x00000000c2c00000, 0x00000000c2c00000, 0x00000000c2d00000|  0%| F|  |TAMS 0x00000000c2c00000, 0x00000000c2c00000| Untracked 
|  23|0x00000000c2d00000, 0x00000000c2d00000, 0x00000000c2e00000|  0%| F|  |TAMS 0x00000000c2d00000, 0x00000000c2d00000| Untracked 
|  24|0x00000000c2e00000, 0x00000000c2e00000, 0x00000000c2f00000|  0%| F|  |TAMS 0x00000000c2e00000, 0x00000000c2e00000| Untracked 
|  25|0x00000000c2f00000, 0x00000000c2f00000, 0x00000000c3000000|  0%| F|  |TAMS 0x00000000c2f00000, 0x00000000c2f00000| Untracked 
|  26|0x00000000c3000000, 0x00000000c3000000, 0x00000000c3100000|  0%| F|  |TAMS 0x00000000c3000000, 0x00000000c3000000| Untracked 
|  27|0x00000000c3100000, 0x00000000c3100000, 0x00000000c3200000|  0%| F|  |TAMS 0x00000000c3100000, 0x00000000c3100000| Untracked 
|  28|0x00000000c3200000, 0x00000000c3200000, 0x00000000c3300000|  0%| F|  |TAMS 0x00000000c3200000, 0x00000000c3200000| Untracked 
|  29|0x00000000c3300000, 0x00000000c3300000, 0x00000000c3400000|  0%| F|  |TAMS 0x00000000c3300000, 0x00000000c3300000| Untracked 
|  30|0x00000000c3400000, 0x00000000c3400000, 0x00000000c3500000|  0%| F|  |TAMS 0x00000000c3400000, 0x00000000c3400000| Untracked 
|  31|0x00000000c3500000, 0x00000000c3500000, 0x00000000c3600000|  0%| F|  |TAMS 0x00000000c3500000, 0x00000000c3500000| Untracked 
|  32|0x00000000c3600000, 0x00000000c3600000, 0x00000000c3700000|  0%| F|  |TAMS 0x00000000c3600000, 0x00000000c3600000| Untracked 
|  33|0x00000000c3700000, 0x00000000c3700000, 0x00000000c3800000|  0%| F|  |TAMS 0x00000000c3700000, 0x00000000c3700000| Untracked 
|  34|0x00000000c3800000, 0x00000000c3800000, 0x00000000c3900000|  0%| F|  |TAMS 0x00000000c3800000, 0x00000000c3800000| Untracked 
|  35|0x00000000c3900000, 0x00000000c3900000, 0x00000000c3a00000|  0%| F|  |TAMS 0x00000000c3900000, 0x00000000c3900000| Untracked 
|  36|0x00000000c3a00000, 0x00000000c3a00000, 0x00000000c3b00000|  0%| F|  |TAMS 0x00000000c3a00000, 0x00000000c3a00000| Untracked 
|  37|0x00000000c3b00000, 0x00000000c3b00000, 0x00000000c3c00000|  0%| F|  |TAMS 0x00000000c3b00000, 0x00000000c3b00000| Untracked 
|  38|0x00000000c3c00000, 0x00000000c3c00000, 0x00000000c3d00000|  0%| F|  |TAMS 0x00000000c3c00000, 0x00000000c3c00000| Untracked 
|  39|0x00000000c3d00000, 0x00000000c3d00000, 0x00000000c3e00000|  0%| F|  |TAMS 0x00000000c3d00000, 0x00000000c3d00000| Untracked 
|  40|0x00000000c3e00000, 0x00000000c3e00000, 0x00000000c3f00000|  0%| F|  |TAMS 0x00000000c3e00000, 0x00000000c3e00000| Untracked 
|  41|0x00000000c3f00000, 0x00000000c3f00000, 0x00000000c4000000|  0%| F|  |TAMS 0x00000000c3f00000, 0x00000000c3f00000| Untracked 
|  42|0x00000000c4000000, 0x00000000c4000000, 0x00000000c4100000|  0%| F|  |TAMS 0x00000000c4000000, 0x00000000c4000000| Untracked 
|  43|0x00000000c4100000, 0x00000000c4100000, 0x00000000c4200000|  0%| F|  |TAMS 0x00000000c4100000, 0x00000000c4100000| Untracked 
|  44|0x00000000c4200000, 0x00000000c4200000, 0x00000000c4300000|  0%| F|  |TAMS 0x00000000c4200000, 0x00000000c4200000| Untracked 
|  45|0x00000000c4300000, 0x00000000c4300000, 0x00000000c4400000|  0%| F|  |TAMS 0x00000000c4300000, 0x00000000c4300000| Untracked 
|  46|0x00000000c4400000, 0x00000000c4400000, 0x00000000c4500000|  0%| F|  |TAMS 0x00000000c4400000, 0x00000000c4400000| Untracked 
|  47|0x00000000c4500000, 0x00000000c4500000, 0x00000000c4600000|  0%| F|  |TAMS 0x00000000c4500000, 0x00000000c4500000| Untracked 
|  48|0x00000000c4600000, 0x00000000c4600000, 0x00000000c4700000|  0%| F|  |TAMS 0x00000000c4600000, 0x00000000c4600000| Untracked 
|  49|0x00000000c4700000, 0x00000000c4700000, 0x00000000c4800000|  0%| F|  |TAMS 0x00000000c4700000, 0x00000000c4700000| Untracked 
|  50|0x00000000c4800000, 0x00000000c4800000, 0x00000000c4900000|  0%| F|  |TAMS 0x00000000c4800000, 0x00000000c4800000| Untracked 
|  51|0x00000000c4900000, 0x00000000c4900000, 0x00000000c4a00000|  0%| F|  |TAMS 0x00000000c4900000, 0x00000000c4900000| Untracked 
|  52|0x00000000c4a00000, 0x00000000c4a00000, 0x00000000c4b00000|  0%| F|  |TAMS 0x00000000c4a00000, 0x00000000c4a00000| Untracked 
|  53|0x00000000c4b00000, 0x00000000c4b00000, 0x00000000c4c00000|  0%| F|  |TAMS 0x00000000c4b00000, 0x00000000c4b00000| Untracked 
|  54|0x00000000c4c00000, 0x00000000c4c00000, 0x00000000c4d00000|  0%| F|  |TAMS 0x00000000c4c00000, 0x00000000c4c00000| Untracked 
|  55|0x00000000c4d00000, 0x00000000c4dfbd00, 0x00000000c4e00000| 98%| S|CS|TAMS 0x00000000c4d00000, 0x00000000c4d00000| Complete 
|  56|0x00000000c4e00000, 0x00000000c4f00000, 0x00000000c4f00000|100%| S|CS|TAMS 0x00000000c4e00000, 0x00000000c4e00000| Complete 
|  57|0x00000000c4f00000, 0x00000000c5000000, 0x00000000c5000000|100%| S|CS|TAMS 0x00000000c4f00000, 0x00000000c4f00000| Complete 
|  58|0x00000000c5000000, 0x00000000c5100000, 0x00000000c5100000|100%| S|CS|TAMS 0x00000000c5000000, 0x00000000c5000000| Complete 
|  59|0x00000000c5100000, 0x00000000c5100000, 0x00000000c5200000|  0%| F|  |TAMS 0x00000000c5100000, 0x00000000c5100000| Untracked 
|  60|0x00000000c5200000, 0x00000000c5200000, 0x00000000c5300000|  0%| F|  |TAMS 0x00000000c5200000, 0x00000000c5200000| Untracked 
|  61|0x00000000c5300000, 0x00000000c5300000, 0x00000000c5400000|  0%| F|  |TAMS 0x00000000c5300000, 0x00000000c5300000| Untracked 
|  62|0x00000000c5400000, 0x00000000c5400000, 0x00000000c5500000|  0%| F|  |TAMS 0x00000000c5400000, 0x00000000c5400000| Untracked 
|  63|0x00000000c5500000, 0x00000000c5500000, 0x00000000c5600000|  0%| F|  |TAMS 0x00000000c5500000, 0x00000000c5500000| Untracked 
|  64|0x00000000c5600000, 0x00000000c5600000, 0x00000000c5700000|  0%| F|  |TAMS 0x00000000c5600000, 0x00000000c5600000| Untracked 
|  65|0x00000000c5700000, 0x00000000c5700000, 0x00000000c5800000|  0%| F|  |TAMS 0x00000000c5700000, 0x00000000c5700000| Untracked 
|  66|0x00000000c5800000, 0x00000000c5800000, 0x00000000c5900000|  0%| F|  |TAMS 0x00000000c5800000, 0x00000000c5800000| Untracked 
|  67|0x00000000c5900000, 0x00000000c5900000, 0x00000000c5a00000|  0%| F|  |TAMS 0x00000000c5900000, 0x00000000c5900000| Untracked 
|  68|0x00000000c5a00000, 0x00000000c5a00000, 0x00000000c5b00000|  0%| F|  |TAMS 0x00000000c5a00000, 0x00000000c5a00000| Untracked 
|  69|0x00000000c5b00000, 0x00000000c5b00000, 0x00000000c5c00000|  0%| F|  |TAMS 0x00000000c5b00000, 0x00000000c5b00000| Untracked 
|  70|0x00000000c5c00000, 0x00000000c5c00000, 0x00000000c5d00000|  0%| F|  |TAMS 0x00000000c5c00000, 0x00000000c5c00000| Untracked 
|  71|0x00000000c5d00000, 0x00000000c5d00000, 0x00000000c5e00000|  0%| F|  |TAMS 0x00000000c5d00000, 0x00000000c5d00000| Untracked 
|  72|0x00000000c5e00000, 0x00000000c5e00000, 0x00000000c5f00000|  0%| F|  |TAMS 0x00000000c5e00000, 0x00000000c5e00000| Untracked 
|  73|0x00000000c5f00000, 0x00000000c5f00000, 0x00000000c6000000|  0%| F|  |TAMS 0x00000000c5f00000, 0x00000000c5f00000| Untracked 
|  74|0x00000000c6000000, 0x00000000c6000000, 0x00000000c6100000|  0%| F|  |TAMS 0x00000000c6000000, 0x00000000c6000000| Untracked 
|  75|0x00000000c6100000, 0x00000000c6100000, 0x00000000c6200000|  0%| F|  |TAMS 0x00000000c6100000, 0x00000000c6100000| Untracked 
|  76|0x00000000c6200000, 0x00000000c6200000, 0x00000000c6300000|  0%| F|  |TAMS 0x00000000c6200000, 0x00000000c6200000| Untracked 

Card table byte_map: [0x000001a2c1990000,0x000001a2c1b90000] _byte_map_base: 0x000001a2c1385000

Marking Bits (Prev, Next): (CMBitMap*) 0x000001a2ab101830, (CMBitMap*) 0x000001a2ab1017f8
 Prev Bits: [0x000001a2c2d40000, 0x000001a2c3ce8000)
 Next Bits: [0x000001a2c1d90000, 0x000001a2c2d38000)

Polling page: 0x000001a2a9060000

Metaspace:

Usage:
  Non-class:     30.53 MB capacity,    29.98 MB ( 98%) used,   436.65 KB (  1%) free+waste,   128.25 KB ( <1%) overhead. 
      Class:      4.50 MB capacity,     4.07 MB ( 91%) used,   370.30 KB (  8%) free+waste,    65.63 KB (  1%) overhead. 
       Both:     35.02 MB capacity,    34.05 MB ( 97%) used,   806.95 KB (  2%) free+waste,   193.88 KB ( <1%) overhead. 

Virtual space:
  Non-class space:       32.00 MB reserved,      30.58 MB ( 96%) committed 
      Class space:        1.00 GB reserved,       4.50 MB ( <1%) committed 
             Both:        1.03 GB reserved,      35.08 MB (  3%) committed 

Chunk freelists:
   Non-Class:  2.50 KB
       Class:  384 bytes
        Both:  2.88 KB

CodeHeap 'non-profiled nmethods': size=120064Kb used=1290Kb max_used=1290Kb free=118774Kb
 bounds [0x000001a2ba250000, 0x000001a2ba4c0000, 0x000001a2c1790000]
CodeHeap 'profiled nmethods': size=120000Kb used=7458Kb max_used=7458Kb free=112541Kb
 bounds [0x000001a2b2d20000, 0x000001a2b3470000, 0x000001a2ba250000]
CodeHeap 'non-nmethods': size=5696Kb used=1135Kb max_used=1162Kb free=4560Kb
 bounds [0x000001a2b2790000, 0x000001a2b2a00000, 0x000001a2b2d20000]
 total_blobs=3822 nmethods=3358 adapters=375
 compilation: enabled
              stopped_count=0, restarted_count=0
 full_count=0

Compilation events (10 events):
Event: 5.976 Thread 0x000001a2c699f800 3369       3       org.springframework.core.convert.support.GenericConversionService$Converters::getMatchableConverters (19 bytes)
Event: 5.977 Thread 0x000001a2c699f800 nmethod 3369 0x000001a2b3463d90 code [0x000001a2b3463f60, 0x000001a2b34643a8]
Event: 5.977 Thread 0x000001a2c699f800 3370       3       org.springframework.core.convert.support.GenericConversionService$ConvertersForPair::add (11 bytes)
Event: 5.977 Thread 0x000001a2c699f800 nmethod 3370 0x000001a2b3464510 code [0x000001a2b34646c0, 0x000001a2b3464888]
Event: 5.977 Thread 0x000001a2c699f800 3371       3       java.util.concurrent.ConcurrentLinkedDeque::addFirst (6 bytes)
Event: 5.977 Thread 0x000001a2c699f800 nmethod 3371 0x000001a2b3464990 code [0x000001a2b3464b40, 0x000001a2b3464c68]
Event: 5.977 Thread 0x000001a2c699f800 3372       3       java.util.concurrent.ConcurrentLinkedDeque::linkFirst (114 bytes)
Event: 5.981 Thread 0x000001a2c699f800 nmethod 3372 0x000001a2b3464d10 code [0x000001a2b3465180, 0x000001a2b3467278]
Event: 5.981 Thread 0x000001a2c699f800 3373       3       java.util.concurrent.ConcurrentLinkedDeque::newNode (18 bytes)
Event: 5.981 Thread 0x000001a2c699f800 nmethod 3373 0x000001a2b3467e10 code [0x000001a2b3468040, 0x000001a2b34687b8]

GC Heap History (10 events):
Event: 2.899 GC heap after
{Heap after GC invocations=5 (full 0):
 garbage-first heap   total 65536K, used 10383K [0x00000000c1600000, 0x0000000100000000)
  region size 1024K, 3 young (3072K), 3 survivors (3072K)
 Metaspace       used 20454K, capacity 21128K, committed 21296K, reserved 1069056K
  class space    used 2291K, capacity 2575K, committed 2688K, reserved 1048576K
}
Event: 3.396 GC heap before
{Heap before GC invocations=6 (full 0):
 garbage-first heap   total 65536K, used 32911K [0x00000000c1600000, 0x0000000100000000)
  region size 1024K, 26 young (26624K), 3 survivors (3072K)
 Metaspace       used 24259K, capacity 25040K, committed 25136K, reserved 1071104K
  class space    used 2788K, capacity 3120K, committed 3200K, reserved 1048576K
}
Event: 3.433 GC heap after
{Heap after GC invocations=7 (full 0):
 garbage-first heap   total 78848K, used 10977K [0x00000000c1600000, 0x0000000100000000)
  region size 1024K, 3 young (3072K), 3 survivors (3072K)
 Metaspace       used 24259K, capacity 25040K, committed 25136K, reserved 1071104K
  class space    used 2788K, capacity 3120K, committed 3200K, reserved 1048576K
}
Event: 3.827 GC heap before
{Heap before GC invocations=7 (full 0):
 garbage-first heap   total 78848K, used 39649K [0x00000000c1600000, 0x0000000100000000)
  region size 1024K, 31 young (31744K), 3 survivors (3072K)
 Metaspace       used 27881K, capacity 28765K, committed 28976K, reserved 1075200K
  class space    used 3247K, capacity 3620K, committed 3712K, reserved 1048576K
}
Event: 3.833 GC heap after
{Heap after GC invocations=8 (full 0):
 garbage-first heap   total 78848K, used 11869K [0x00000000c1600000, 0x0000000100000000)
  region size 1024K, 3 young (3072K), 3 survivors (3072K)
 Metaspace       used 27881K, capacity 28765K, committed 28976K, reserved 1075200K
  class space    used 3247K, capacity 3620K, committed 3712K, reserved 1048576K
}
Event: 4.606 GC heap before
{Heap before GC invocations=8 (full 0):
 garbage-first heap   total 78848K, used 46685K [0x00000000c1600000, 0x0000000100000000)
  region size 1024K, 37 young (37888K), 3 survivors (3072K)
 Metaspace       used 29800K, capacity 30678K, committed 31024K, reserved 1077248K
  class space    used 3470K, capacity 3869K, committed 3968K, reserved 1048576K
}
Event: 4.618 GC heap after
{Heap after GC invocations=9 (full 0):
 garbage-first heap   total 78848K, used 13622K [0x00000000c1600000, 0x0000000100000000)
  region size 1024K, 4 young (4096K), 4 survivors (4096K)
 Metaspace       used 29800K, capacity 30678K, committed 31024K, reserved 1077248K
  class space    used 3470K, capacity 3869K, committed 3968K, reserved 1048576K
}
Event: 5.602 GC heap before
{Heap before GC invocations=9 (full 0):
 garbage-first heap   total 78848K, used 52534K [0x00000000c1600000, 0x0000000100000000)
  region size 1024K, 42 young (43008K), 4 survivors (4096K)
 Metaspace       used 33532K, capacity 34596K, committed 34864K, reserved 1079296K
  class space    used 3972K, capacity 4405K, committed 4480K, reserved 1048576K
}
Event: 5.611 GC heap after
{Heap after GC invocations=10 (full 0):
 garbage-first heap   total 78848K, used 14641K [0x00000000c1600000, 0x0000000100000000)
  region size 1024K, 4 young (4096K), 4 survivors (4096K)
 Metaspace       used 33532K, capacity 34596K, committed 34864K, reserved 1079296K
  class space    used 3972K, capacity 4405K, committed 4480K, reserved 1048576K
}
Event: 5.990 GC heap before
{Heap before GC invocations=10 (full 0):
 garbage-first heap   total 78848K, used 32049K [0x00000000c1600000, 0x0000000100000000)
  region size 1024K, 22 young (22528K), 4 survivors (4096K)
 Metaspace       used 34864K, capacity 35865K, committed 35920K, reserved 1081344K
  class space    used 4169K, capacity 4605K, committed 4608K, reserved 1048576K
}

Deoptimization events (10 events):
Event: 4.956 Thread 0x000001a2ab0d6000 Uncommon trap: reason=intrinsic_or_type_checked_inlining action=make_not_entrant pc=0x000001a2ba3585d8 method=java.util.Arrays.copyOf([Ljava/lang/Object;ILjava/lang/Class;)[Ljava/lang/Object; @ 35 c2
Event: 5.087 Thread 0x000001a2ab0d6000 Uncommon trap: reason=unstable_if action=reinterpret pc=0x000001a2ba360730 method=org.springframework.beans.factory.support.AbstractBeanFactory.getMergedLocalBeanDefinition(Ljava/lang/String;)Lorg/springframework/beans/factory/support/RootBeanDefinition; 
Event: 5.135 Thread 0x000001a2ab0d6000 Uncommon trap: reason=class_check action=maybe_recompile pc=0x000001a2ba35713c method=org.springframework.util.ConcurrentReferenceHashMap$Segment.findInChain(Lorg/springframework/util/ConcurrentReferenceHashMap$Reference;Ljava/lang/Object;I)Lorg/springfra
Event: 5.162 Thread 0x000001a2ab0d6000 Uncommon trap: reason=class_check action=maybe_recompile pc=0x000001a2ba35713c method=org.springframework.util.ConcurrentReferenceHashMap$Segment.findInChain(Lorg/springframework/util/ConcurrentReferenceHashMap$Reference;Ljava/lang/Object;I)Lorg/springfra
Event: 5.569 Thread 0x000001a2ab0d6000 Uncommon trap: reason=unstable_if action=reinterpret pc=0x000001a2ba379168 method=org.springframework.beans.factory.support.AbstractBeanFactory.getBeanPostProcessorCache()Lorg/springframework/beans/factory/support/AbstractBeanFactory$BeanPostProcessorCach
Event: 5.569 Thread 0x000001a2ab0d6000 Uncommon trap: reason=unstable_if action=reinterpret pc=0x000001a2ba37f2b8 method=org.springframework.beans.factory.support.AbstractBeanFactory.hasInstantiationAwareBeanPostProcessors()Z @ 12 c2
Event: 5.613 Thread 0x000001a2ab0d6000 Uncommon trap: reason=unstable_if action=reinterpret pc=0x000001a2ba373574 method=org.springframework.beans.factory.support.AbstractBeanFactory.hasInstantiationAwareBeanPostProcessors()Z @ 12 c2
Event: 5.671 Thread 0x000001a2ab0d6000 Uncommon trap: reason=unstable_if action=reinterpret pc=0x000001a2ba35721c method=org.springframework.util.ConcurrentReferenceHashMap$Segment.findInChain(Lorg/springframework/util/ConcurrentReferenceHashMap$Reference;Ljava/lang/Object;I)Lorg/springframewo
Event: 5.715 Thread 0x000001a2ab0d6000 Uncommon trap: reason=unstable_if action=reinterpret pc=0x000001a2ba37dc3c method=org.springframework.beans.factory.support.AbstractBeanFactory.getBeanPostProcessorCache()Lorg/springframework/beans/factory/support/AbstractBeanFactory$BeanPostProcessorCach
Event: 5.731 Thread 0x000001a2ab0d6000 Uncommon trap: reason=unstable_if action=reinterpret pc=0x000001a2ba37191c method=org.springframework.beans.factory.support.DefaultSingletonBeanRegistry.getSingleton(Ljava/lang/String;Z)Ljava/lang/Object; @ 20 c2

Classes redefined (0 events):
No events

Internal exceptions (10 events):
Event: 5.940 Thread 0x000001a2ab0d6000 Exception <a 'java/lang/ClassNotFoundException'{0x00000000c533fb20}: org/springframework/beans/factory/InitializingBeanCustomizer> (0x00000000c533fb20) thrown at [./open/src/hotspot/share/classfile/systemDictionary.cpp, line 226]
Event: 5.945 Thread 0x000001a2ab0d6000 Exception <a 'java/lang/ClassNotFoundException'{0x00000000c5395e08}: java/lang/ObjectCustomizer> (0x00000000c5395e08) thrown at [./open/src/hotspot/share/classfile/systemDictionary.cpp, line 226]
Event: 5.947 Thread 0x000001a2ab0d6000 Exception <a 'java/lang/ClassNotFoundException'{0x00000000c53afb90}: org/springframework/aop/support/AbstractPointcutAdvisorCustomizer> (0x00000000c53afb90) thrown at [./open/src/hotspot/share/classfile/systemDictionary.cpp, line 226]
Event: 5.948 Thread 0x000001a2ab0d6000 Exception <a 'java/lang/ClassNotFoundException'{0x00000000c53cca08}: org/springframework/aop/support/AbstractBeanFactoryPointcutAdvisorCustomizer> (0x00000000c53cca08) thrown at [./open/src/hotspot/share/classfile/systemDictionary.cpp, line 226]
Event: 5.950 Thread 0x000001a2ab0d6000 Exception <a 'java/lang/ClassNotFoundException'{0x00000000c53ef018}: org/springframework/transaction/interceptor/BeanFactoryTransactionAttributeSourceAdvisorCustomizer> (0x00000000c53ef018) thrown at [./open/src/hotspot/share/classfile/systemDictionary.cp
Event: 5.952 Thread 0x000001a2ab0d6000 Exception <a 'java/lang/ClassNotFoundException'{0x00000000c520e518}: org/springframework/beans/factory/BeanFactoryAwareCustomizer> (0x00000000c520e518) thrown at [./open/src/hotspot/share/classfile/systemDictionary.cpp, line 226]
Event: 5.953 Thread 0x000001a2ab0d6000 Exception <a 'java/lang/ClassNotFoundException'{0x00000000c5223700}: org/springframework/beans/factory/AwareCustomizer> (0x00000000c5223700) thrown at [./open/src/hotspot/share/classfile/systemDictionary.cpp, line 226]
Event: 5.954 Thread 0x000001a2ab0d6000 Exception <a 'java/lang/ClassNotFoundException'{0x00000000c52375f0}: org/springframework/aop/PointcutAdvisorCustomizer> (0x00000000c52375f0) thrown at [./open/src/hotspot/share/classfile/systemDictionary.cpp, line 226]
Event: 5.955 Thread 0x000001a2ab0d6000 Exception <a 'java/lang/ClassNotFoundException'{0x00000000c524b078}: org/springframework/aop/AdvisorCustomizer> (0x00000000c524b078) thrown at [./open/src/hotspot/share/classfile/systemDictionary.cpp, line 226]
Event: 5.957 Thread 0x000001a2ab0d6000 Exception <a 'java/lang/ClassNotFoundException'{0x00000000c525f9e0}: org/springframework/core/OrderedCustomizer> (0x00000000c525f9e0) thrown at [./open/src/hotspot/share/classfile/systemDictionary.cpp, line 226]

Events (10 events):
Event: 5.985 loading class org/springframework/data/convert/Jsr310Converters$LocalDateTimeToInstantConverter done
Event: 5.986 loading class org/springframework/data/convert/Jsr310Converters$InstantToLocalDateTimeConverter
Event: 5.986 loading class org/springframework/data/convert/Jsr310Converters$InstantToLocalDateTimeConverter done
Event: 5.987 loading class org/springframework/data/convert/Jsr310Converters$ZoneIdToStringConverter
Event: 5.987 loading class org/springframework/data/convert/Jsr310Converters$ZoneIdToStringConverter done
Event: 5.988 loading class org/springframework/data/convert/Jsr310Converters$StringToZoneIdConverter
Event: 5.988 loading class org/springframework/data/convert/Jsr310Converters$StringToZoneIdConverter done
Event: 5.989 loading class org/springframework/data/convert/Jsr310Converters$DurationToStringConverter
Event: 5.989 loading class org/springframework/data/convert/Jsr310Converters$DurationToStringConverter done
Event: 5.990 Executing VM operation: CollectForMetadataAllocation


Dynamic libraries:
0x00007ff7f9460000 - 0x00007ff7f946f000 	C:\Program Files\Java\jdk-11.0.16\bin\java.exe
0x00007ffec2670000 - 0x00007ffec2867000 	C:\WINDOWS\SYSTEM32\ntdll.dll
0x00007ffec2000000 - 0x00007ffec20bd000 	C:\WINDOWS\System32\KERNEL32.DLL
0x00007ffec0150000 - 0x00007ffec041d000 	C:\WINDOWS\System32\KERNELBASE.dll
0x00007ffebfdc0000 - 0x00007ffebfec0000 	C:\WINDOWS\System32\ucrtbase.dll
0x00007ffea62a0000 - 0x00007ffea62b8000 	C:\Program Files\Java\jdk-11.0.16\bin\jli.dll
0x00007ffebad90000 - 0x00007ffebada5000 	C:\Program Files\Java\jdk-11.0.16\bin\VCRUNTIME140.dll
0x00007ffec0ce0000 - 0x00007ffec0d8e000 	C:\WINDOWS\System32\ADVAPI32.dll
0x00007ffec0990000 - 0x00007ffec0a2e000 	C:\WINDOWS\System32\msvcrt.dll
0x00007ffec1530000 - 0x00007ffec15cc000 	C:\WINDOWS\System32\sechost.dll
0x00007ffec1320000 - 0x00007ffec1445000 	C:\WINDOWS\System32\RPCRT4.dll
0x00007ffec0790000 - 0x00007ffec0930000 	C:\WINDOWS\System32\USER32.dll
0x00007ffec0590000 - 0x00007ffec05b2000 	C:\WINDOWS\System32\win32u.dll
0x00007ffeb2cc0000 - 0x00007ffeb2f5a000 	C:\WINDOWS\WinSxS\amd64_microsoft.windows.common-controls_6595b64144ccf1df_6.0.19041.1110_none_60b5254171f9507e\COMCTL32.dll
0x00007ffec0a30000 - 0x00007ffec0a5a000 	C:\WINDOWS\System32\GDI32.dll
0x00007ffec05c0000 - 0x00007ffec06cb000 	C:\WINDOWS\System32\gdi32full.dll
0x00007ffebfec0000 - 0x00007ffebff5d000 	C:\WINDOWS\System32\msvcp_win.dll
0x00007ffeb7780000 - 0x00007ffeb778a000 	C:\WINDOWS\SYSTEM32\VERSION.dll
0x00007ffec15d0000 - 0x00007ffec1600000 	C:\WINDOWS\System32\IMM32.DLL
0x00007ffe98cd0000 - 0x00007ffe98d6b000 	C:\Program Files\Java\jdk-11.0.16\bin\msvcp140.dll
0x00007ffe8c900000 - 0x00007ffe8d418000 	C:\Program Files\Java\jdk-11.0.16\bin\server\jvm.dll
0x00007ffec1600000 - 0x00007ffec1608000 	C:\WINDOWS\System32\PSAPI.DLL
0x00007ffebbb20000 - 0x00007ffebbb29000 	C:\WINDOWS\SYSTEM32\WSOCK32.dll
0x00007ffeb3760000 - 0x00007ffeb3787000 	C:\WINDOWS\SYSTEM32\WINMM.dll
0x00007ffec2420000 - 0x00007ffec248b000 	C:\WINDOWS\System32\WS2_32.dll
0x00007ffebdc90000 - 0x00007ffebdca2000 	C:\WINDOWS\SYSTEM32\kernel.appcore.dll
0x00007ffebb9a0000 - 0x00007ffebb9b0000 	C:\Program Files\Java\jdk-11.0.16\bin\verify.dll
0x00007ffeaf480000 - 0x00007ffeaf664000 	C:\WINDOWS\SYSTEM32\DBGHELP.DLL
0x00007ffeaf450000 - 0x00007ffeaf47c000 	C:\WINDOWS\SYSTEM32\dbgcore.DLL
0x00007ffec00c0000 - 0x00007ffec0142000 	C:\WINDOWS\System32\bcryptPrimitives.dll
0x00007ffea69a0000 - 0x00007ffea69c8000 	C:\Program Files\Java\jdk-11.0.16\bin\java.dll
0x00007ffeba950000 - 0x00007ffeba95a000 	C:\Program Files\Java\jdk-11.0.16\bin\jimage.dll
0x00007ffeb94d0000 - 0x00007ffeb94e6000 	C:\Program Files\Java\jdk-11.0.16\bin\zip.dll
0x00007ffec17d0000 - 0x00007ffec1f14000 	C:\WINDOWS\System32\SHELL32.dll
0x00007ffebde90000 - 0x00007ffebe624000 	C:\WINDOWS\SYSTEM32\windows.storage.dll
0x00007ffec20c0000 - 0x00007ffec2414000 	C:\WINDOWS\System32\combase.dll
0x00007ffebf7f0000 - 0x00007ffebf81c000 	C:\WINDOWS\SYSTEM32\Wldp.dll
0x00007ffec2490000 - 0x00007ffec253d000 	C:\WINDOWS\System32\SHCORE.dll
0x00007ffec2540000 - 0x00007ffec2595000 	C:\WINDOWS\System32\shlwapi.dll
0x00007ffebfcd0000 - 0x00007ffebfcef000 	C:\WINDOWS\SYSTEM32\profapi.dll
0x00007ffea6920000 - 0x00007ffea6939000 	C:\Program Files\Java\jdk-11.0.16\bin\net.dll
0x00007ffeb8860000 - 0x00007ffeb896a000 	C:\WINDOWS\SYSTEM32\WINHTTP.dll
0x00007ffebf550000 - 0x00007ffebf5ba000 	C:\WINDOWS\system32\mswsock.dll
0x00007ffea6430000 - 0x00007ffea6442000 	C:\Program Files\Java\jdk-11.0.16\bin\nio.dll
0x00007ffeb95a0000 - 0x00007ffeb95a9000 	C:\Program Files\Java\jdk-11.0.16\bin\management.dll
0x00007ffeafbb0000 - 0x00007ffeafbbb000 	C:\Program Files\Java\jdk-11.0.16\bin\management_ext.dll
0x00007ffebb370000 - 0x00007ffebb387000 	C:\WINDOWS\system32\napinsp.dll
0x00007ffebb350000 - 0x00007ffebb36b000 	C:\WINDOWS\system32\pnrpnsp.dll
0x00007ffea1f10000 - 0x00007ffea1f25000 	C:\WINDOWS\system32\wshbth.dll
0x00007ffebba30000 - 0x00007ffebba4d000 	C:\WINDOWS\system32\NLAapi.dll
0x00007ffebf1f0000 - 0x00007ffebf22b000 	C:\WINDOWS\SYSTEM32\IPHLPAPI.DLL
0x00007ffebf240000 - 0x00007ffebf30b000 	C:\WINDOWS\SYSTEM32\DNSAPI.dll
0x00007ffec1610000 - 0x00007ffec1618000 	C:\WINDOWS\System32\NSI.dll
0x00007ffebb330000 - 0x00007ffebb342000 	C:\WINDOWS\System32\winrnr.dll
0x00007ffeb1d20000 - 0x00007ffeb1d2a000 	C:\Windows\System32\rasadhlp.dll
0x00007ffeb2970000 - 0x00007ffeb29f0000 	C:\WINDOWS\System32\fwpuclnt.dll
0x00007ffebfd90000 - 0x00007ffebfdb7000 	C:\WINDOWS\System32\bcrypt.dll

dbghelp: loaded successfully - version: 4.0.5 - missing functions: none
symbol engine: initialized successfully - sym options: 0x614 - pdb path: .;C:\Program Files\Java\jdk-11.0.16\bin;C:\WINDOWS\SYSTEM32;C:\WINDOWS\WinSxS\amd64_microsoft.windows.common-controls_6595b64144ccf1df_6.0.19041.1110_none_60b5254171f9507e;C:\Program Files\Java\jdk-11.0.16\bin\server

VM Arguments:
java_command: C:\Users\Admin\AppData\Local\Temp\surefire1640674569225584344\surefirebooter13357517912601102817.jar C:\Users\Admin\AppData\Local\Temp\surefire1640674569225584344 2023-03-26T18-19-41_312-jvmRun1 surefire12782813914317785039tmp surefire_010236638708400477730tmp
java_class_path (initial): C:\Users\Admin\AppData\Local\Temp\surefire1640674569225584344\surefirebooter13357517912601102817.jar
Launcher Type: SUN_STANDARD

[Global flags]
     intx CICompilerCount                          = 3                                         {product} {ergonomic}
     uint ConcGCThreads                            = 1                                         {product} {ergonomic}
     uint G1ConcRefinementThreads                  = 4                                         {product} {ergonomic}
   size_t G1HeapRegionSize                         = 1048576                                   {product} {ergonomic}
    uintx GCDrainStackTargetSize                   = 64                                        {product} {ergonomic}
   size_t InitialHeapSize                          = 67108864                                  {product} {ergonomic}
   size_t MarkStackSize                            = 4194304                                   {product} {ergonomic}
   size_t MaxHeapSize                              = 1050673152                                {product} {ergonomic}
   size_t MaxNewSize                               = 630194176                                 {product} {ergonomic}
   size_t MinHeapDeltaBytes                        = 1048576                                   {product} {ergonomic}
    uintx NonNMethodCodeHeapSize                   = 5830732                                {pd product} {ergonomic}
    uintx NonProfiledCodeHeapSize                  = 122913754                              {pd product} {ergonomic}
    uintx ProfiledCodeHeapSize                     = 122913754                              {pd product} {ergonomic}
    uintx ReservedCodeCacheSize                    = 251658240                              {pd product} {ergonomic}
     bool SegmentedCodeCache                       = true                                      {product} {ergonomic}
     bool UseCompressedClassPointers               = true                                 {lp64_product} {ergonomic}
     bool UseCompressedOops                        = true                                 {lp64_product} {ergonomic}
     bool UseG1GC                                  = true                                      {product} {ergonomic}
     bool UseLargePagesIndividualAllocation        = false                                  {pd product} {ergonomic}

Logging:
Log output configuration:
 #0: stdout all=warning uptime,level,tags
 #1: stderr all=off uptime,level,tags

Environment Variables:
JAVA_HOME=C:\Program Files\Java\jdk-11.0.16
PATH=C:\cygwin64;C:\Program Files\nodejs\;C:\Program Files\Java\jdk1.8.0_181\bin;C:\Users\Admin\AppData\Local\Programs\Microsoft VS Code\bin;C:\Users\Admin\AppData\Local\Microsoft\WindowsApps;C:\Program Files\Azure Data Studio\bin;C:\Program Files\Azure Data Studio\bin;C:\php815;C:\Users\Admin\AppData\Roaming\Composer\vendor\bin;C:\Program Files\Azure Data Studio\bin;C:\Users\Admin\.dotnet\tools;C:\Users\Admin\AppData\Local\GitHubDesktop\bin;C:\Users\Admin\AppData\Roaming\npm;C:\Program Files\nodejs;
USERNAME=Admin
OS=Windows_NT
PROCESSOR_IDENTIFIER=Intel64 Family 6 Model 69 Stepping 1, GenuineIntel



---------------  S Y S T E M  ---------------

OS: Windows 10 , 64 bit Build 19041 (10.0.19041.1741)

CPU:total 4 (initial active 4) (2 cores per cpu, 2 threads per core) family 6 model 69 stepping 1 microcode 0x25, cmov, cx8, fxsr, mmx, sse, sse2, sse3, ssse3, sse4.1, sse4.2, popcnt, avx, avx2, aes, clmul, erms, lzcnt, ht, tsc, tscinvbit, bmi1, bmi2, fma

Memory: 4k page, system-wide physical 4001M (212M free)
TotalPageFile size 9251M (AvailPageFile size 6M)
current process WorkingSet (physical memory assigned to process): 155M, peak: 156M
current process commit charge ("private bytes"): 212M, peak: 233M

vm_info: Java HotSpot(TM) 64-Bit Server VM (11.0.16+11-LTS-199) for windows-amd64 JRE (11.0.16+11-LTS-199), built on Jun 28 2022 08:23:17 by "mach5one" with MS VC++ 15.9 (VS2017)

END.
