#
# There is insufficient memory for the Java Runtime Environment to continue.
# Native memory allocation (mmap) failed to map 67108864 bytes for Failed to commit area from 0x00000000c1600000 to 0x00000000c5600000 of length 67108864.
# Possible reasons:
#   The system is out of physical RAM or swap space
#   The process is running with CompressedOops enabled, and the Java Heap may be blocking the growth of the native heap
# Possible solutions:
#   Reduce memory load on the system
#   Increase physical memory or swap space
#   Check if swap backing store is full
#   Decrease Java heap size (-Xmx/-Xms)
#   Decrease number of Java threads
#   Decrease Java thread stack sizes (-Xss)
#   Set larger code cache with -XX:ReservedCodeCacheSize=
# This output file may be truncated or incomplete.
#
#  Out of Memory Error (./open/src/hotspot/os/windows/os_windows.cpp:3287), pid=716, tid=5888
#
# JRE version:  (11.0.16+11) (build )
# Java VM: Java HotSpot(TM) 64-Bit Server VM (11.0.16+11-LTS-199, mixed mode, sharing, tiered, compressed oops, g1 gc, windows-amd64)
# No core dump will be written. Minidumps are not enabled by default on client versions of Windows
#

---------------  S U M M A R Y ------------

Command Line: C:\Users\Admin\AppData\Local\Temp\surefire5395636192227394236\surefirebooter14128134962767537148.jar C:\Users\Admin\AppData\Local\Temp\surefire5395636192227394236 2023-03-21T00-52-48_719-jvmRun1 surefire9918969122426569162tmp surefire_016123083145288506748tmp

Host: Intel(R) Core(TM) i5-4310U CPU @ 2.00GHz, 4 cores, 3G,  Windows 10 , 64 bit Build 19041 (10.0.19041.1741)
Time: Tue Mar 21 00:52:49 2023 SE Asia Standard Time elapsed time: 0.030532 seconds (0d 0h 0m 0s)

---------------  T H R E A D  ---------------

Current thread (0x00000220597ab800):  JavaThread "Unknown thread" [_thread_in_vm, id=5888, stack(0x00000039ed100000,0x00000039ed200000)]

Stack: [0x00000039ed100000,0x00000039ed200000]
Native frames: (J=compiled Java code, j=interpreted, Vv=VM code, C=native code)
V  [jvm.dll+0x62a3ea]
V  [jvm.dll+0x76418f]
V  [jvm.dll+0x765839]
V  [jvm.dll+0x765ec3]
V  [jvm.dll+0x23da98]
V  [jvm.dll+0x62770a]
V  [jvm.dll+0x61c475]
V  [jvm.dll+0x2f2aac]
V  [jvm.dll+0x2f2932]
V  [jvm.dll+0x2f7656]
V  [jvm.dll+0x33a1cf]
V  [jvm.dll+0x339c00]
V  [jvm.dll+0x2d00c8]
V  [jvm.dll+0x2d1236]
V  [jvm.dll+0x73e757]
V  [jvm.dll+0x73ffef]
V  [jvm.dll+0x346ef9]
V  [jvm.dll+0x723f90]
V  [jvm.dll+0x3b5adf]
V  [jvm.dll+0x3b7bf1]
C  [jli.dll+0x5207]
C  [ucrtbase.dll+0x21bb2]
C  [KERNEL32.DLL+0x17034]
C  [ntdll.dll+0x52651]


---------------  P R O C E S S  ---------------

Threads class SMR info:
_java_thread_list=0x00000220574f3b20, length=0, elements={
}

Java Threads: ( => current thread )

Other Threads:
  0x00000220597c2000 GCTaskThread "GC Thread#0" [stack: 0x00000039ed200000,0x00000039ed300000] [id=3296]
  0x00000220597d6800 ConcurrentGCThread "G1 Main Marker" [stack: 0x00000039ed300000,0x00000039ed400000] [id=10192]
  0x00000220597d8800 ConcurrentGCThread "G1 Conc#0" [stack: 0x00000039ed400000,0x00000039ed500000] [id=4504]

[error occurred during error reporting (printing all threads), id 0xc0000005, EXCEPTION_ACCESS_VIOLATION (0xc0000005) at pc=0x00007ff88e90f357]

VM state:not at safepoint (not fully initialized)

VM Mutex/Monitor currently owned by a thread:  ([mutex/lock_event])
[0x00000220597a7f00] Heap_lock - owner thread: 0x00000220597ab800

Heap address: 0x00000000c1600000, size: 1002 MB, Compressed Oops mode: Non-zero based: 0x00000000c1600000
Narrow klass base: 0x0000000000000000, Narrow klass shift: 0

GC Heap History (0 events):
No events

Deoptimization events (0 events):
No events

Classes redefined (0 events):
No events

Internal exceptions (0 events):
No events

Events (0 events):
No events


Dynamic libraries:
0x00007ff7942b0000 - 0x00007ff7942bf000 	C:\Program Files\Java\jdk-11.0.16\bin\java.exe
0x00007ff8c4e10000 - 0x00007ff8c5007000 	C:\WINDOWS\SYSTEM32\ntdll.dll
0x00007ff8c31d0000 - 0x00007ff8c328d000 	C:\WINDOWS\System32\KERNEL32.DLL
0x00007ff8c2870000 - 0x00007ff8c2b3d000 	C:\WINDOWS\System32\KERNELBASE.dll
0x00007ff8c2ca0000 - 0x00007ff8c2da0000 	C:\WINDOWS\System32\ucrtbase.dll
0x00007ff8bd440000 - 0x00007ff8bd455000 	C:\Program Files\Java\jdk-11.0.16\bin\VCRUNTIME140.dll
0x00007ff8aa940000 - 0x00007ff8aa958000 	C:\Program Files\Java\jdk-11.0.16\bin\jli.dll
0x00007ff8c4320000 - 0x00007ff8c43ce000 	C:\WINDOWS\System32\ADVAPI32.dll
0x00007ff8c2ea0000 - 0x00007ff8c2f3e000 	C:\WINDOWS\System32\msvcrt.dll
0x00007ff8c3670000 - 0x00007ff8c370c000 	C:\WINDOWS\System32\sechost.dll
0x00007ff8c3020000 - 0x00007ff8c3145000 	C:\WINDOWS\System32\RPCRT4.dll
0x00007ff8c1910000 - 0x00007ff8c1baa000 	C:\WINDOWS\WinSxS\amd64_microsoft.windows.common-controls_6595b64144ccf1df_6.0.19041.1110_none_60b5254171f9507e\COMCTL32.dll
0x00007ff8c3390000 - 0x00007ff8c3530000 	C:\WINDOWS\System32\USER32.dll
0x00007ff8c2e70000 - 0x00007ff8c2e9a000 	C:\WINDOWS\System32\GDI32.dll
0x00007ff8c2da0000 - 0x00007ff8c2dc2000 	C:\WINDOWS\System32\win32u.dll
0x00007ff8c2b90000 - 0x00007ff8c2c9b000 	C:\WINDOWS\System32\gdi32full.dll
0x00007ff8c2dd0000 - 0x00007ff8c2e6d000 	C:\WINDOWS\System32\msvcp_win.dll
0x00007ff8b4380000 - 0x00007ff8b438a000 	C:\WINDOWS\SYSTEM32\VERSION.dll
0x00007ff8c3360000 - 0x00007ff8c3390000 	C:\WINDOWS\System32\IMM32.DLL
0x00007ff8bbbc0000 - 0x00007ff8bbc5b000 	C:\Program Files\Java\jdk-11.0.16\bin\msvcp140.dll
0x00007ff88e630000 - 0x00007ff88f148000 	C:\Program Files\Java\jdk-11.0.16\bin\server\jvm.dll
0x00007ff8c3530000 - 0x00007ff8c3538000 	C:\WINDOWS\System32\PSAPI.DLL
0x00007ff8bdf00000 - 0x00007ff8bdf09000 	C:\WINDOWS\SYSTEM32\WSOCK32.dll
0x00007ff8c3600000 - 0x00007ff8c366b000 	C:\WINDOWS\System32\WS2_32.dll
0x00007ff8b2d40000 - 0x00007ff8b2d67000 	C:\WINDOWS\SYSTEM32\WINMM.dll
0x00007ff8bfde0000 - 0x00007ff8bfdf2000 	C:\WINDOWS\SYSTEM32\kernel.appcore.dll
0x00007ff8bde00000 - 0x00007ff8bde10000 	C:\Program Files\Java\jdk-11.0.16\bin\verify.dll
0x00007ff8c1f60000 - 0x00007ff8c2144000 	C:\WINDOWS\SYSTEM32\DBGHELP.DLL
0x00007ff8c1d10000 - 0x00007ff8c1d3c000 	C:\WINDOWS\SYSTEM32\dbgcore.DLL
0x00007ff8c2610000 - 0x00007ff8c2692000 	C:\WINDOWS\System32\bcryptPrimitives.dll
0x00007ff8bbca0000 - 0x00007ff8bbcc8000 	C:\Program Files\Java\jdk-11.0.16\bin\java.dll
0x00007ff8bd020000 - 0x00007ff8bd02a000 	C:\Program Files\Java\jdk-11.0.16\bin\jimage.dll
0x00007ff8bcf20000 - 0x00007ff8bcf36000 	C:\Program Files\Java\jdk-11.0.16\bin\zip.dll

dbghelp: loaded successfully - version: 4.0.5 - missing functions: none
symbol engine: initialized successfully - sym options: 0x614 - pdb path: .;C:\Program Files\Java\jdk-11.0.16\bin;C:\WINDOWS\SYSTEM32;C:\WINDOWS\WinSxS\amd64_microsoft.windows.common-controls_6595b64144ccf1df_6.0.19041.1110_none_60b5254171f9507e;C:\Program Files\Java\jdk-11.0.16\bin\server

VM Arguments:
java_command: C:\Users\Admin\AppData\Local\Temp\surefire5395636192227394236\surefirebooter14128134962767537148.jar C:\Users\Admin\AppData\Local\Temp\surefire5395636192227394236 2023-03-21T00-52-48_719-jvmRun1 surefire9918969122426569162tmp surefire_016123083145288506748tmp
java_class_path (initial): C:\Users\Admin\AppData\Local\Temp\surefire5395636192227394236\surefirebooter14128134962767537148.jar
Launcher Type: SUN_STANDARD

[Global flags]
     intx CICompilerCount                          = 3                                         {product} {ergonomic}
     uint ConcGCThreads                            = 1                                         {product} {ergonomic}
     uint G1ConcRefinementThreads                  = 4                                         {product} {ergonomic}
   size_t G1HeapRegionSize                         = 1048576                                   {product} {ergonomic}
    uintx GCDrainStackTargetSize                   = 64                                        {product} {ergonomic}
   size_t InitialHeapSize                          = 67108864                                  {product} {ergonomic}
   size_t MarkStackSize                            = 4194304                                   {product} {ergonomic}
   size_t MaxHeapSize                              = 1050673152                                {product} {ergonomic}
   size_t MinHeapDeltaBytes                        = 1048576                                   {product} {ergonomic}
    uintx NonNMethodCodeHeapSize                   = 5830732                                {pd product} {ergonomic}
    uintx NonProfiledCodeHeapSize                  = 122913754                              {pd product} {ergonomic}
    uintx ProfiledCodeHeapSize                     = 122913754                              {pd product} {ergonomic}
    uintx ReservedCodeCacheSize                    = 251658240                              {pd product} {ergonomic}
     bool SegmentedCodeCache                       = true                                      {product} {ergonomic}
     bool UseCompressedClassPointers               = true                                 {lp64_product} {ergonomic}
     bool UseCompressedOops                        = true                                 {lp64_product} {ergonomic}
     bool UseG1GC                                  = true                                      {product} {ergonomic}
     bool UseLargePagesIndividualAllocation        = false                                  {pd product} {ergonomic}

Logging:
Log output configuration:
 #0: stdout all=warning uptime,level,tags
 #1: stderr all=off uptime,level,tags

Environment Variables:
JAVA_HOME=C:\Program Files\Java\jdk-11.0.16
PATH=C:\cygwin64;C:\Program Files\nodejs\;C:\Program Files\Java\jdk1.8.0_181\bin;C:\Users\Admin\AppData\Local\Programs\Microsoft VS Code\bin;C:\Users\Admin\AppData\Local\Microsoft\WindowsApps;C:\Program Files\Azure Data Studio\bin;C:\Program Files\Azure Data Studio\bin;C:\php815;C:\Users\Admin\AppData\Roaming\Composer\vendor\bin;C:\Program Files\Azure Data Studio\bin;C:\Users\Admin\.dotnet\tools;C:\Users\Admin\AppData\Local\GitHubDesktop\bin;C:\Users\Admin\AppData\Roaming\npm;C:\Program Files\nodejs;
USERNAME=Admin
OS=Windows_NT
PROCESSOR_IDENTIFIER=Intel64 Family 6 Model 69 Stepping 1, GenuineIntel



---------------  S Y S T E M  ---------------

OS: Windows 10 , 64 bit Build 19041 (10.0.19041.1741)

CPU:total 4 (initial active 4) (2 cores per cpu, 2 threads per core) family 6 model 69 stepping 1 microcode 0x25, cmov, cx8, fxsr, mmx, sse, sse2, sse3, ssse3, sse4.1, sse4.2, popcnt, avx, avx2, aes, clmul, erms, lzcnt, ht, tsc, tscinvbit, bmi1, bmi2, fma

Memory: 4k page, system-wide physical 4001M (103M free)
TotalPageFile size 9246M (AvailPageFile size 23M)
current process WorkingSet (physical memory assigned to process): 9M, peak: 9M
current process commit charge ("private bytes"): 51M, peak: 115M

vm_info: Java HotSpot(TM) 64-Bit Server VM (11.0.16+11-LTS-199) for windows-amd64 JRE (11.0.16+11-LTS-199), built on Jun 28 2022 08:23:17 by "mach5one" with MS VC++ 15.9 (VS2017)

END.
