#
# There is insufficient memory for the Java Runtime Environment to continue.
# Native memory allocation (malloc) failed to allocate 576496 bytes for Chunk::new
# Possible reasons:
#   The system is out of physical RAM or swap space
#   The process is running with CompressedOops enabled, and the Java Heap may be blocking the growth of the native heap
# Possible solutions:
#   Reduce memory load on the system
#   Increase physical memory or swap space
#   Check if swap backing store is full
#   Decrease Java heap size (-Xmx/-Xms)
#   Decrease number of Java threads
#   Decrease Java thread stack sizes (-Xss)
#   Set larger code cache with -XX:ReservedCodeCacheSize=
#   JVM is running with Unscaled Compressed Oops mode in which the Java heap is
#     placed in the first 4GB address space. The Java Heap base address is the
#     maximum limit for the native heap growth. Please use -XX:HeapBaseMinAddress
#     to set the Java Heap base and to place the Java Heap above 4GB virtual address.
# This output file may be truncated or incomplete.
#
#  Out of Memory Error (./open/src/hotspot/share/memory/arena.cpp:197), pid=6032, tid=8832
#
# JRE version: Java(TM) SE Runtime Environment 18.9 (11.0.16+11) (build 11.0.16+11-LTS-199)
# Java VM: Java HotSpot(TM) 64-Bit Server VM 18.9 (11.0.16+11-LTS-199, mixed mode, tiered, compressed oops, g1 gc, windows-amd64)
# No core dump will be written. Minidumps are not enabled by default on client versions of Windows
#

---------------  S U M M A R Y ------------

Command Line: -Dclassworlds.conf=C:\Program Files\NetBeans-15\netbeans\java\maven\bin\m2.conf -Dmaven.home=C:\Program Files\NetBeans-15\netbeans\java\maven -Dlibrary.jansi.path=C:\Program Files\NetBeans-15\netbeans\java\maven\lib\jansi-native -Dmaven.multiModuleProjectDirectory=C:\Users\Admin\Documents\NetBeansProjects\Tswebsocket org.codehaus.plexus.classworlds.launcher.Launcher -Dnetbeans.deploy=true -Dexec.vmArgs= -Dexec.appArgs= -Dmaven.ext.class.path=C:\Program Files\NetBeans-15\netbeans\java\maven-nblib\netbeans-eventspy.jar -Dfile.encoding=UTF-8 package

Host: Intel(R) Core(TM) i5-4310U CPU @ 2.00GHz, 4 cores, 3G,  Windows 10 , 64 bit Build 19041 (10.0.19041.1741)
Time: Sun Mar 26 18:20:48 2023 SE Asia Standard Time elapsed time: 1.518680 seconds (0d 0h 0m 1s)

---------------  T H R E A D  ---------------

Current thread (0x00000294419b0000):  JavaThread "C2 CompilerThread0" daemon [_thread_in_native, id=8832, stack(0x000000e946400000,0x000000e946500000)]


Current CompileTask:
C2:   1518  962   !   4       sun.nio.cs.StreamDecoder::read (196 bytes)

Stack: [0x000000e946400000,0x000000e946500000]
Native frames: (J=compiled Java code, j=interpreted, Vv=VM code, C=native code)
V  [jvm.dll+0x62a3ea]
V  [jvm.dll+0x76418f]
V  [jvm.dll+0x765839]
V  [jvm.dll+0x765ec3]
V  [jvm.dll+0x23da98]
V  [jvm.dll+0xb2a1c]
V  [jvm.dll+0xb2fdc]
V  [jvm.dll+0x341442]
V  [jvm.dll+0x30ec83]
V  [jvm.dll+0x30dfca]
V  [jvm.dll+0x1f84a5]
V  [jvm.dll+0x1f768d]
V  [jvm.dll+0x177c81]
V  [jvm.dll+0x207006]
V  [jvm.dll+0x20519b]
V  [jvm.dll+0x729fa0]
V  [jvm.dll+0x722b74]
V  [jvm.dll+0x629286]
C  [ucrtbase.dll+0x21bb2]
C  [KERNEL32.DLL+0x17034]
C  [ntdll.dll+0x52651]


---------------  P R O C E S S  ---------------

Threads class SMR info:
_java_thread_list=0x0000029441c07930, length=10, elements={
0x0000029424159000, 0x000002944191c800, 0x0000029441949800, 0x00000294419ab800,
0x00000294419ac800, 0x00000294419af000, 0x00000294419b0000, 0x0000029441958800,
0x00000294419ce000, 0x0000029441c3e000
}

Java Threads: ( => current thread )
  0x0000029424159000 JavaThread "main" [_thread_in_vm, id=6504, stack(0x000000e945800000,0x000000e945900000)]
  0x000002944191c800 JavaThread "Reference Handler" daemon [_thread_blocked, id=12084, stack(0x000000e945f00000,0x000000e946000000)]
  0x0000029441949800 JavaThread "Finalizer" daemon [_thread_blocked, id=10168, stack(0x000000e946000000,0x000000e946100000)]
  0x00000294419ab800 JavaThread "Signal Dispatcher" daemon [_thread_blocked, id=11572, stack(0x000000e946100000,0x000000e946200000)]
  0x00000294419ac800 JavaThread "Attach Listener" daemon [_thread_blocked, id=13048, stack(0x000000e946200000,0x000000e946300000)]
  0x00000294419af000 JavaThread "Service Thread" daemon [_thread_blocked, id=2808, stack(0x000000e946300000,0x000000e946400000)]
=>0x00000294419b0000 JavaThread "C2 CompilerThread0" daemon [_thread_in_native, id=8832, stack(0x000000e946400000,0x000000e946500000)]
  0x0000029441958800 JavaThread "C1 CompilerThread0" daemon [_thread_blocked, id=12920, stack(0x000000e946500000,0x000000e946600000)]
  0x00000294419ce000 JavaThread "Sweeper thread" daemon [_thread_blocked, id=724, stack(0x000000e946600000,0x000000e946700000)]
  0x0000029441c3e000 JavaThread "Common-Cleaner" daemon [_thread_blocked, id=8232, stack(0x000000e946800000,0x000000e946900000)]

Other Threads:
  0x000002944191a000 VMThread "VM Thread" [stack: 0x000000e945e00000,0x000000e945f00000] [id=8808]
  0x0000029441c3b000 WatcherThread [stack: 0x000000e946700000,0x000000e946800000] [id=9516]
  0x000002942416f000 GCTaskThread "GC Thread#0" [stack: 0x000000e945900000,0x000000e945a00000] [id=7992]
  0x00000294425a3800 GCTaskThread "GC Thread#1" [stack: 0x000000e946900000,0x000000e946a00000] [id=11608]
  0x0000029424189000 ConcurrentGCThread "G1 Main Marker" [stack: 0x000000e945a00000,0x000000e945b00000] [id=10712]
  0x000002942418a800 ConcurrentGCThread "G1 Conc#0" [stack: 0x000000e945b00000,0x000000e945c00000] [id=11624]
  0x00000294241e1800 ConcurrentGCThread "G1 Refine#0" [stack: 0x000000e945c00000,0x000000e945d00000] [id=5788]
  0x00000294241e2800 ConcurrentGCThread "G1 Young RemSet Sampling" [stack: 0x000000e945d00000,0x000000e945e00000] [id=10296]

Threads with active compile tasks:
C2 CompilerThread0     1549  962   !   4       sun.nio.cs.StreamDecoder::read (196 bytes)

VM state:not at safepoint (normal execution)

VM Mutex/Monitor currently owned by a thread: None

Heap address: 0x00000000c1600000, size: 1002 MB, Compressed Oops mode: 32-bit
Narrow klass base: 0x0000000000000000, Narrow klass shift: 3
Compressed class space size: 1073741824 Address: 0x0000000100000000

Heap:
 garbage-first heap   total 65536K, used 6555K [0x00000000c1600000, 0x0000000100000000)
  region size 1024K, 5 young (5120K), 1 survivors (1024K)
 Metaspace       used 12272K, capacity 12468K, committed 12672K, reserved 1060864K
  class space    used 1239K, capacity 1348K, committed 1408K, reserved 1048576K
Heap Regions: E=young(eden), S=young(survivor), O=old, HS=humongous(starts), HC=humongous(continues), CS=collection set, F=free, A=archive, TAMS=top-at-mark-start (previous, next)
|   0|0x00000000c1600000, 0x00000000c1700000, 0x00000000c1700000|100%| O|  |TAMS 0x00000000c1600000, 0x00000000c1600000| Untracked 
|   1|0x00000000c1700000, 0x00000000c1800000, 0x00000000c1800000|100%| O|  |TAMS 0x00000000c1700000, 0x00000000c1700000| Untracked 
|   2|0x00000000c1800000, 0x00000000c18e5e00, 0x00000000c1900000| 89%| O|  |TAMS 0x00000000c1800000, 0x00000000c1800000| Untracked 
|   3|0x00000000c1900000, 0x00000000c1900000, 0x00000000c1a00000|  0%| F|  |TAMS 0x00000000c1900000, 0x00000000c1900000| Untracked 
|   4|0x00000000c1a00000, 0x00000000c1a00000, 0x00000000c1b00000|  0%| F|  |TAMS 0x00000000c1a00000, 0x00000000c1a00000| Untracked 
|   5|0x00000000c1b00000, 0x00000000c1b00000, 0x00000000c1c00000|  0%| F|  |TAMS 0x00000000c1b00000, 0x00000000c1b00000| Untracked 
|   6|0x00000000c1c00000, 0x00000000c1c00000, 0x00000000c1d00000|  0%| F|  |TAMS 0x00000000c1c00000, 0x00000000c1c00000| Untracked 
|   7|0x00000000c1d00000, 0x00000000c1d00000, 0x00000000c1e00000|  0%| F|  |TAMS 0x00000000c1d00000, 0x00000000c1d00000| Untracked 
|   8|0x00000000c1e00000, 0x00000000c1e00000, 0x00000000c1f00000|  0%| F|  |TAMS 0x00000000c1e00000, 0x00000000c1e00000| Untracked 
|   9|0x00000000c1f00000, 0x00000000c1f00000, 0x00000000c2000000|  0%| F|  |TAMS 0x00000000c1f00000, 0x00000000c1f00000| Untracked 
|  10|0x00000000c2000000, 0x00000000c2000000, 0x00000000c2100000|  0%| F|  |TAMS 0x00000000c2000000, 0x00000000c2000000| Untracked 
|  11|0x00000000c2100000, 0x00000000c2100000, 0x00000000c2200000|  0%| F|  |TAMS 0x00000000c2100000, 0x00000000c2100000| Untracked 
|  12|0x00000000c2200000, 0x00000000c2200000, 0x00000000c2300000|  0%| F|  |TAMS 0x00000000c2200000, 0x00000000c2200000| Untracked 
|  13|0x00000000c2300000, 0x00000000c2300000, 0x00000000c2400000|  0%| F|  |TAMS 0x00000000c2300000, 0x00000000c2300000| Untracked 
|  14|0x00000000c2400000, 0x00000000c2400000, 0x00000000c2500000|  0%| F|  |TAMS 0x00000000c2400000, 0x00000000c2400000| Untracked 
|  15|0x00000000c2500000, 0x00000000c2500000, 0x00000000c2600000|  0%| F|  |TAMS 0x00000000c2500000, 0x00000000c2500000| Untracked 
|  16|0x00000000c2600000, 0x00000000c2600000, 0x00000000c2700000|  0%| F|  |TAMS 0x00000000c2600000, 0x00000000c2600000| Untracked 
|  17|0x00000000c2700000, 0x00000000c2700000, 0x00000000c2800000|  0%| F|  |TAMS 0x00000000c2700000, 0x00000000c2700000| Untracked 
|  18|0x00000000c2800000, 0x00000000c2800000, 0x00000000c2900000|  0%| F|  |TAMS 0x00000000c2800000, 0x00000000c2800000| Untracked 
|  19|0x00000000c2900000, 0x00000000c2900000, 0x00000000c2a00000|  0%| F|  |TAMS 0x00000000c2900000, 0x00000000c2900000| Untracked 
|  20|0x00000000c2a00000, 0x00000000c2a00000, 0x00000000c2b00000|  0%| F|  |TAMS 0x00000000c2a00000, 0x00000000c2a00000| Untracked 
|  21|0x00000000c2b00000, 0x00000000c2b00000, 0x00000000c2c00000|  0%| F|  |TAMS 0x00000000c2b00000, 0x00000000c2b00000| Untracked 
|  22|0x00000000c2c00000, 0x00000000c2c00000, 0x00000000c2d00000|  0%| F|  |TAMS 0x00000000c2c00000, 0x00000000c2c00000| Untracked 
|  23|0x00000000c2d00000, 0x00000000c2d00000, 0x00000000c2e00000|  0%| F|  |TAMS 0x00000000c2d00000, 0x00000000c2d00000| Untracked 
|  24|0x00000000c2e00000, 0x00000000c2e00000, 0x00000000c2f00000|  0%| F|  |TAMS 0x00000000c2e00000, 0x00000000c2e00000| Untracked 
|  25|0x00000000c2f00000, 0x00000000c2f00000, 0x00000000c3000000|  0%| F|  |TAMS 0x00000000c2f00000, 0x00000000c2f00000| Untracked 
|  26|0x00000000c3000000, 0x00000000c3000000, 0x00000000c3100000|  0%| F|  |TAMS 0x00000000c3000000, 0x00000000c3000000| Untracked 
|  27|0x00000000c3100000, 0x00000000c3100000, 0x00000000c3200000|  0%| F|  |TAMS 0x00000000c3100000, 0x00000000c3100000| Untracked 
|  28|0x00000000c3200000, 0x00000000c3200000, 0x00000000c3300000|  0%| F|  |TAMS 0x00000000c3200000, 0x00000000c3200000| Untracked 
|  29|0x00000000c3300000, 0x00000000c3300000, 0x00000000c3400000|  0%| F|  |TAMS 0x00000000c3300000, 0x00000000c3300000| Untracked 
|  30|0x00000000c3400000, 0x00000000c3400000, 0x00000000c3500000|  0%| F|  |TAMS 0x00000000c3400000, 0x00000000c3400000| Untracked 
|  31|0x00000000c3500000, 0x00000000c3500000, 0x00000000c3600000|  0%| F|  |TAMS 0x00000000c3500000, 0x00000000c3500000| Untracked 
|  32|0x00000000c3600000, 0x00000000c3600000, 0x00000000c3700000|  0%| F|  |TAMS 0x00000000c3600000, 0x00000000c3600000| Untracked 
|  33|0x00000000c3700000, 0x00000000c3700000, 0x00000000c3800000|  0%| F|  |TAMS 0x00000000c3700000, 0x00000000c3700000| Untracked 
|  34|0x00000000c3800000, 0x00000000c3800000, 0x00000000c3900000|  0%| F|  |TAMS 0x00000000c3800000, 0x00000000c3800000| Untracked 
|  35|0x00000000c3900000, 0x00000000c3900000, 0x00000000c3a00000|  0%| F|  |TAMS 0x00000000c3900000, 0x00000000c3900000| Untracked 
|  36|0x00000000c3a00000, 0x00000000c3a00000, 0x00000000c3b00000|  0%| F|  |TAMS 0x00000000c3a00000, 0x00000000c3a00000| Untracked 
|  37|0x00000000c3b00000, 0x00000000c3b00000, 0x00000000c3c00000|  0%| F|  |TAMS 0x00000000c3b00000, 0x00000000c3b00000| Untracked 
|  38|0x00000000c3c00000, 0x00000000c3c00000, 0x00000000c3d00000|  0%| F|  |TAMS 0x00000000c3c00000, 0x00000000c3c00000| Untracked 
|  39|0x00000000c3d00000, 0x00000000c3d00000, 0x00000000c3e00000|  0%| F|  |TAMS 0x00000000c3d00000, 0x00000000c3d00000| Untracked 
|  40|0x00000000c3e00000, 0x00000000c3e00000, 0x00000000c3f00000|  0%| F|  |TAMS 0x00000000c3e00000, 0x00000000c3e00000| Untracked 
|  41|0x00000000c3f00000, 0x00000000c3f00000, 0x00000000c4000000|  0%| F|  |TAMS 0x00000000c3f00000, 0x00000000c3f00000| Untracked 
|  42|0x00000000c4000000, 0x00000000c4000000, 0x00000000c4100000|  0%| F|  |TAMS 0x00000000c4000000, 0x00000000c4000000| Untracked 
|  43|0x00000000c4100000, 0x00000000c4100000, 0x00000000c4200000|  0%| F|  |TAMS 0x00000000c4100000, 0x00000000c4100000| Untracked 
|  44|0x00000000c4200000, 0x00000000c4200000, 0x00000000c4300000|  0%| F|  |TAMS 0x00000000c4200000, 0x00000000c4200000| Untracked 
|  45|0x00000000c4300000, 0x00000000c4300000, 0x00000000c4400000|  0%| F|  |TAMS 0x00000000c4300000, 0x00000000c4300000| Untracked 
|  46|0x00000000c4400000, 0x00000000c4400000, 0x00000000c4500000|  0%| F|  |TAMS 0x00000000c4400000, 0x00000000c4400000| Untracked 
|  47|0x00000000c4500000, 0x00000000c4500000, 0x00000000c4600000|  0%| F|  |TAMS 0x00000000c4500000, 0x00000000c4500000| Untracked 
|  48|0x00000000c4600000, 0x00000000c4600000, 0x00000000c4700000|  0%| F|  |TAMS 0x00000000c4600000, 0x00000000c4600000| Untracked 
|  49|0x00000000c4700000, 0x00000000c4700000, 0x00000000c4800000|  0%| F|  |TAMS 0x00000000c4700000, 0x00000000c4700000| Untracked 
|  50|0x00000000c4800000, 0x00000000c4800000, 0x00000000c4900000|  0%| F|  |TAMS 0x00000000c4800000, 0x00000000c4800000| Untracked 
|  51|0x00000000c4900000, 0x00000000c4900000, 0x00000000c4a00000|  0%| F|  |TAMS 0x00000000c4900000, 0x00000000c4900000| Untracked 
|  52|0x00000000c4a00000, 0x00000000c4a00000, 0x00000000c4b00000|  0%| F|  |TAMS 0x00000000c4a00000, 0x00000000c4a00000| Untracked 
|  53|0x00000000c4b00000, 0x00000000c4b00000, 0x00000000c4c00000|  0%| F|  |TAMS 0x00000000c4b00000, 0x00000000c4b00000| Untracked 
|  54|0x00000000c4c00000, 0x00000000c4c00000, 0x00000000c4d00000|  0%| F|  |TAMS 0x00000000c4c00000, 0x00000000c4c00000| Untracked 
|  55|0x00000000c4d00000, 0x00000000c4d00000, 0x00000000c4e00000|  0%| F|  |TAMS 0x00000000c4d00000, 0x00000000c4d00000| Untracked 
|  56|0x00000000c4e00000, 0x00000000c4e00000, 0x00000000c4f00000|  0%| F|  |TAMS 0x00000000c4e00000, 0x00000000c4e00000| Untracked 
|  57|0x00000000c4f00000, 0x00000000c4f00000, 0x00000000c5000000|  0%| F|  |TAMS 0x00000000c4f00000, 0x00000000c4f00000| Untracked 
|  58|0x00000000c5000000, 0x00000000c5080e80, 0x00000000c5100000| 50%| S|CS|TAMS 0x00000000c5000000, 0x00000000c5000000| Complete 
|  59|0x00000000c5100000, 0x00000000c5100000, 0x00000000c5200000|  0%| F|  |TAMS 0x00000000c5100000, 0x00000000c5100000| Untracked 
|  60|0x00000000c5200000, 0x00000000c526fbb0, 0x00000000c5300000| 43%| E|  |TAMS 0x00000000c5200000, 0x00000000c5200000| Complete 
|  61|0x00000000c5300000, 0x00000000c5400000, 0x00000000c5400000|100%| E|CS|TAMS 0x00000000c5300000, 0x00000000c5300000| Complete 
|  62|0x00000000c5400000, 0x00000000c5500000, 0x00000000c5500000|100%| E|CS|TAMS 0x00000000c5400000, 0x00000000c5400000| Complete 
|  63|0x00000000c5500000, 0x00000000c5600000, 0x00000000c5600000|100%| E|CS|TAMS 0x00000000c5500000, 0x00000000c5500000| Complete 

Card table byte_map: [0x000002943c810000,0x000002943ca10000] _byte_map_base: 0x000002943c205000

Marking Bits (Prev, Next): (CMBitMap*) 0x00000294241843a8, (CMBitMap*) 0x00000294241843e0
 Prev Bits: [0x000002943cc10000, 0x000002943dbb8000)
 Next Bits: [0x000002943dbc0000, 0x000002943eb68000)

Polling page: 0x0000029424240000

Metaspace:

Usage:
  Non-class:     10.86 MB capacity,    10.78 MB (>99%) used,    67.12 KB ( <1%) free+waste,    11.94 KB ( <1%) overhead. 
      Class:      1.32 MB capacity,     1.21 MB ( 92%) used,   100.06 KB (  7%) free+waste,     5.25 KB ( <1%) overhead. 
       Both:     12.18 MB capacity,    12.00 MB ( 99%) used,   167.18 KB (  1%) free+waste,    17.19 KB ( <1%) overhead. 

Virtual space:
  Non-class space:       12.00 MB reserved,      11.00 MB ( 92%) committed 
      Class space:        1.00 GB reserved,       1.38 MB ( <1%) committed 
             Both:        1.01 GB reserved,      12.38 MB (  1%) committed 

Chunk freelists:
   Non-Class:  2.00 KB
       Class:  3.50 KB
        Both:  5.50 KB

CodeHeap 'non-profiled nmethods': size=120064Kb used=256Kb max_used=256Kb free=119807Kb
 bounds [0x0000029434ab0000, 0x0000029434d20000, 0x000002943bff0000]
CodeHeap 'profiled nmethods': size=120000Kb used=2059Kb max_used=2059Kb free=117940Kb
 bounds [0x000002942d580000, 0x000002942d7f0000, 0x0000029434ab0000]
CodeHeap 'non-nmethods': size=5696Kb used=1078Kb max_used=1094Kb free=4617Kb
 bounds [0x000002942cff0000, 0x000002942d260000, 0x000002942d580000]
 total_blobs=1366 nmethods=982 adapters=296
 compilation: enabled
              stopped_count=0, restarted_count=0
 full_count=0

Compilation events (10 events):
Event: 1.507 Thread 0x0000029441958800  973       3       org.codehaus.plexus.util.xml.pull.MXParser::isNameStartChar (63 bytes)
Event: 1.507 Thread 0x0000029441958800 nmethod 973 0x000002942d77a590 code [0x000002942d77a740, 0x000002942d77aa78]
Event: 1.507 Thread 0x0000029441958800  974       1       org.codehaus.plexus.util.xml.pull.MXParser::getEventType (5 bytes)
Event: 1.507 Thread 0x0000029441958800 nmethod 974 0x0000029434aefd10 code [0x0000029434aefea0, 0x0000029434aeff58]
Event: 1.507 Thread 0x0000029441958800  979       3       org.codehaus.plexus.util.xml.pull.MXParser::isWhitespace (116 bytes)
Event: 1.508 Thread 0x0000029441958800 nmethod 979 0x000002942d77ab90 code [0x000002942d77ada0, 0x000002942d77b5e8]
Event: 1.508 Thread 0x0000029441958800  980       3       org.codehaus.plexus.util.xml.pull.MXParser::nextTag (82 bytes)
Event: 1.510 Thread 0x0000029441958800 nmethod 980 0x000002942d77b810 code [0x000002942d77bac0, 0x000002942d77c688]
Event: 1.510 Thread 0x0000029441958800  981       3       org.codehaus.plexus.util.xml.pull.MXParser::ensureElementsCapacity (265 bytes)
Event: 1.511 Thread 0x0000029441958800 nmethod 981 0x000002942d77ca90 code [0x000002942d77cd00, 0x000002942d77dda8]

GC Heap History (3 events):
Event: 1.243 GC heap before
{Heap before GC invocations=0 (full 0):
 garbage-first heap   total 65536K, used 14336K [0x00000000c1600000, 0x0000000100000000)
  region size 1024K, 14 young (14336K), 0 survivors (0K)
 Metaspace       used 10940K, capacity 11112K, committed 11136K, reserved 1058816K
  class space    used 1054K, capacity 1152K, committed 1152K, reserved 1048576K
}
Event: 1.253 GC heap after
{Heap after GC invocations=1 (full 0):
 garbage-first heap   total 65536K, used 3125K [0x00000000c1600000, 0x0000000100000000)
  region size 1024K, 2 young (2048K), 2 survivors (2048K)
 Metaspace       used 10940K, capacity 11112K, committed 11136K, reserved 1058816K
  class space    used 1054K, capacity 1152K, committed 1152K, reserved 1048576K
}
Event: 1.511 GC heap before
{Heap before GC invocations=1 (full 0):
 garbage-first heap   total 65536K, used 8245K [0x00000000c1600000, 0x0000000100000000)
  region size 1024K, 7 young (7168K), 2 survivors (2048K)
 Metaspace       used 12187K, capacity 12372K, committed 12672K, reserved 1060864K
  class space    used 1223K, capacity 1316K, committed 1408K, reserved 1048576K
}

Deoptimization events (5 events):
Event: 0.142 Thread 0x0000029424159000 Uncommon trap: reason=unstable_if action=reinterpret pc=0x0000029434ab4810 method=java.lang.String.hashCode()I @ 14 c2
Event: 0.324 Thread 0x0000029424159000 Uncommon trap: reason=unstable_if action=reinterpret pc=0x0000029434abd1e0 method=java.io.WinNTFileSystem.isSlash(C)Z @ 9 c2
Event: 0.835 Thread 0x0000029424159000 Uncommon trap: reason=unstable_if action=reinterpret pc=0x0000029434aba7cc method=java.lang.StringLatin1.canEncode(I)Z @ 4 c2
Event: 0.835 Thread 0x0000029424159000 Uncommon trap: reason=unstable_if action=reinterpret pc=0x0000029434ab9f2c method=java.lang.AbstractStringBuilder.isLatin1()Z @ 10 c2
Event: 0.844 Thread 0x0000029424159000 Uncommon trap: reason=unstable_if action=reinterpret pc=0x0000029434ab7db4 method=java.lang.StringLatin1.canEncode(I)Z @ 4 c2

Classes redefined (0 events):
No events

Internal exceptions (10 events):
Event: 0.374 Thread 0x0000029424159000 Exception <a 'java/lang/NullPointerException'{0x00000000c52aed58}> (0x00000000c52aed58) thrown at [./open/src/hotspot/share/interpreter/linkResolver.cpp, line 1354]
Event: 0.429 Thread 0x0000029424159000 Exception <a 'java/lang/NullPointerException'{0x00000000c52e39d8}> (0x00000000c52e39d8) thrown at [./open/src/hotspot/share/interpreter/linkResolver.cpp, line 1354]
Event: 0.429 Thread 0x0000029424159000 Exception <a 'java/lang/NullPointerException'{0x00000000c52e3ca8}> (0x00000000c52e3ca8) thrown at [./open/src/hotspot/share/interpreter/linkResolver.cpp, line 1354]
Event: 0.429 Thread 0x0000029424159000 Exception <a 'java/lang/NullPointerException'{0x00000000c52e3f78}> (0x00000000c52e3f78) thrown at [./open/src/hotspot/share/interpreter/linkResolver.cpp, line 1354]
Event: 0.432 Thread 0x0000029424159000 Exception <a 'java/lang/NullPointerException'{0x00000000c52ea670}> (0x00000000c52ea670) thrown at [./open/src/hotspot/share/interpreter/linkResolver.cpp, line 1354]
Event: 0.439 Thread 0x0000029424159000 Exception <a 'java/lang/NullPointerException'{0x00000000c52feaf0}> (0x00000000c52feaf0) thrown at [./open/src/hotspot/share/interpreter/linkResolver.cpp, line 1354]
Event: 0.439 Thread 0x0000029424159000 Exception <a 'java/lang/NullPointerException'{0x00000000c52fedc0}> (0x00000000c52fedc0) thrown at [./open/src/hotspot/share/interpreter/linkResolver.cpp, line 1354]
Event: 0.439 Thread 0x0000029424159000 Exception <a 'java/lang/NullPointerException'{0x00000000c52ff090}> (0x00000000c52ff090) thrown at [./open/src/hotspot/share/interpreter/linkResolver.cpp, line 1354]
Event: 0.439 Thread 0x0000029424159000 Exception <a 'java/lang/NullPointerException'{0x00000000c52ff360}> (0x00000000c52ff360) thrown at [./open/src/hotspot/share/interpreter/linkResolver.cpp, line 1354]
Event: 1.467 Thread 0x0000029424159000 Exception <a 'java/lang/NoClassDefFoundError'{0x00000000c520c610}: javax/enterprise/inject/Typed> (0x00000000c520c610) thrown at [./open/src/hotspot/share/classfile/systemDictionary.cpp, line 215]

Events (10 events):
Event: 1.510 loading class org/apache/maven/project/validation/ModelValidator done
Event: 1.510 loading class org/apache/maven/repository/MirrorSelector
Event: 1.510 loading class org/apache/maven/repository/MirrorSelector done
Event: 1.510 loading class org/apache/maven/repository/MirrorSelector
Event: 1.510 loading class org/apache/maven/repository/MirrorSelector done
Event: 1.511 loading class org/apache/maven/repository/RepositorySystem
Event: 1.511 loading class org/apache/maven/repository/RepositorySystem done
Event: 1.511 loading class org/apache/maven/repository/RepositorySystem
Event: 1.511 loading class org/apache/maven/repository/RepositorySystem done
Event: 1.511 Executing VM operation: G1CollectForAllocation


Dynamic libraries:
0x00007ff7f9460000 - 0x00007ff7f946f000 	C:\Program Files\Java\jdk-11.0.16\bin\java.exe
0x00007ffec2670000 - 0x00007ffec2867000 	C:\WINDOWS\SYSTEM32\ntdll.dll
0x00007ffec2000000 - 0x00007ffec20bd000 	C:\WINDOWS\System32\KERNEL32.DLL
0x00007ffec0150000 - 0x00007ffec041d000 	C:\WINDOWS\System32\KERNELBASE.dll
0x00007ffebfdc0000 - 0x00007ffebfec0000 	C:\WINDOWS\System32\ucrtbase.dll
0x00007ffebad90000 - 0x00007ffebada5000 	C:\Program Files\Java\jdk-11.0.16\bin\VCRUNTIME140.dll
0x00007ffea62a0000 - 0x00007ffea62b8000 	C:\Program Files\Java\jdk-11.0.16\bin\jli.dll
0x00007ffec0ce0000 - 0x00007ffec0d8e000 	C:\WINDOWS\System32\ADVAPI32.dll
0x00007ffec0990000 - 0x00007ffec0a2e000 	C:\WINDOWS\System32\msvcrt.dll
0x00007ffec1530000 - 0x00007ffec15cc000 	C:\WINDOWS\System32\sechost.dll
0x00007ffec1320000 - 0x00007ffec1445000 	C:\WINDOWS\System32\RPCRT4.dll
0x00007ffec0790000 - 0x00007ffec0930000 	C:\WINDOWS\System32\USER32.dll
0x00007ffeb2cc0000 - 0x00007ffeb2f5a000 	C:\WINDOWS\WinSxS\amd64_microsoft.windows.common-controls_6595b64144ccf1df_6.0.19041.1110_none_60b5254171f9507e\COMCTL32.dll
0x00007ffec0590000 - 0x00007ffec05b2000 	C:\WINDOWS\System32\win32u.dll
0x00007ffec0a30000 - 0x00007ffec0a5a000 	C:\WINDOWS\System32\GDI32.dll
0x00007ffec05c0000 - 0x00007ffec06cb000 	C:\WINDOWS\System32\gdi32full.dll
0x00007ffebfec0000 - 0x00007ffebff5d000 	C:\WINDOWS\System32\msvcp_win.dll
0x00007ffeb7780000 - 0x00007ffeb778a000 	C:\WINDOWS\SYSTEM32\VERSION.dll
0x00007ffec15d0000 - 0x00007ffec1600000 	C:\WINDOWS\System32\IMM32.DLL
0x00007ffe98cd0000 - 0x00007ffe98d6b000 	C:\Program Files\Java\jdk-11.0.16\bin\msvcp140.dll
0x00007ffe8c900000 - 0x00007ffe8d418000 	C:\Program Files\Java\jdk-11.0.16\bin\server\jvm.dll
0x00007ffec1600000 - 0x00007ffec1608000 	C:\WINDOWS\System32\PSAPI.DLL
0x00007ffeb3760000 - 0x00007ffeb3787000 	C:\WINDOWS\SYSTEM32\WINMM.dll
0x00007ffebbb20000 - 0x00007ffebbb29000 	C:\WINDOWS\SYSTEM32\WSOCK32.dll
0x00007ffec2420000 - 0x00007ffec248b000 	C:\WINDOWS\System32\WS2_32.dll
0x00007ffebdc90000 - 0x00007ffebdca2000 	C:\WINDOWS\SYSTEM32\kernel.appcore.dll
0x00007ffebb9a0000 - 0x00007ffebb9b0000 	C:\Program Files\Java\jdk-11.0.16\bin\verify.dll
0x00007ffeaf480000 - 0x00007ffeaf664000 	C:\WINDOWS\SYSTEM32\DBGHELP.DLL
0x00007ffeaf450000 - 0x00007ffeaf47c000 	C:\WINDOWS\SYSTEM32\dbgcore.DLL
0x00007ffec00c0000 - 0x00007ffec0142000 	C:\WINDOWS\System32\bcryptPrimitives.dll
0x00007ffea69a0000 - 0x00007ffea69c8000 	C:\Program Files\Java\jdk-11.0.16\bin\java.dll
0x00007ffeba950000 - 0x00007ffeba95a000 	C:\Program Files\Java\jdk-11.0.16\bin\jimage.dll
0x00007ffeb94d0000 - 0x00007ffeb94e6000 	C:\Program Files\Java\jdk-11.0.16\bin\zip.dll
0x00007ffec17d0000 - 0x00007ffec1f14000 	C:\WINDOWS\System32\SHELL32.dll
0x00007ffebde90000 - 0x00007ffebe624000 	C:\WINDOWS\SYSTEM32\windows.storage.dll
0x00007ffec20c0000 - 0x00007ffec2414000 	C:\WINDOWS\System32\combase.dll
0x00007ffebf7f0000 - 0x00007ffebf81c000 	C:\WINDOWS\SYSTEM32\Wldp.dll
0x00007ffec2490000 - 0x00007ffec253d000 	C:\WINDOWS\System32\SHCORE.dll
0x00007ffec2540000 - 0x00007ffec2595000 	C:\WINDOWS\System32\shlwapi.dll
0x00007ffebfcd0000 - 0x00007ffebfcef000 	C:\WINDOWS\SYSTEM32\profapi.dll
0x00007ffea6920000 - 0x00007ffea6939000 	C:\Program Files\Java\jdk-11.0.16\bin\net.dll
0x00007ffeb8860000 - 0x00007ffeb896a000 	C:\WINDOWS\SYSTEM32\WINHTTP.dll
0x00007ffebf550000 - 0x00007ffebf5ba000 	C:\WINDOWS\system32\mswsock.dll
0x00007ffea6430000 - 0x00007ffea6442000 	C:\Program Files\Java\jdk-11.0.16\bin\nio.dll
0x0000000069ac0000 - 0x0000000069ae4000 	C:\Program Files\NetBeans-15\netbeans\java\maven\lib\jansi-native\Windows\x86_64\jansi.dll

dbghelp: loaded successfully - version: 4.0.5 - missing functions: none
symbol engine: initialized successfully - sym options: 0x614 - pdb path: .;C:\Program Files\Java\jdk-11.0.16\bin;C:\WINDOWS\SYSTEM32;C:\WINDOWS\WinSxS\amd64_microsoft.windows.common-controls_6595b64144ccf1df_6.0.19041.1110_none_60b5254171f9507e;C:\Program Files\Java\jdk-11.0.16\bin\server;C:\Program Files\NetBeans-15\netbeans\java\maven\lib\jansi-native\Windows\x86_64

VM Arguments:
jvm_args: -Dclassworlds.conf=C:\Program Files\NetBeans-15\netbeans\java\maven\bin\m2.conf -Dmaven.home=C:\Program Files\NetBeans-15\netbeans\java\maven -Dlibrary.jansi.path=C:\Program Files\NetBeans-15\netbeans\java\maven\lib\jansi-native -Dmaven.multiModuleProjectDirectory=C:\Users\Admin\Documents\NetBeansProjects\Tswebsocket 
java_command: org.codehaus.plexus.classworlds.launcher.Launcher -Dnetbeans.deploy=true -Dexec.vmArgs= -Dexec.appArgs= -Dmaven.ext.class.path=C:\Program Files\NetBeans-15\netbeans\java\maven-nblib\netbeans-eventspy.jar -Dfile.encoding=UTF-8 package
java_class_path (initial): C:\Program Files\NetBeans-15\netbeans\java\maven\boot\plexus-classworlds-2.6.0.jar
Launcher Type: SUN_STANDARD

[Global flags]
     intx CICompilerCount                          = 3                                         {product} {ergonomic}
     uint ConcGCThreads                            = 1                                         {product} {ergonomic}
     uint G1ConcRefinementThreads                  = 4                                         {product} {ergonomic}
   size_t G1HeapRegionSize                         = 1048576                                   {product} {ergonomic}
    uintx GCDrainStackTargetSize                   = 64                                        {product} {ergonomic}
   size_t InitialHeapSize                          = 67108864                                  {product} {ergonomic}
   size_t MarkStackSize                            = 4194304                                   {product} {ergonomic}
   size_t MaxHeapSize                              = 1050673152                                {product} {ergonomic}
   size_t MaxNewSize                               = 630194176                                 {product} {ergonomic}
   size_t MinHeapDeltaBytes                        = 1048576                                   {product} {ergonomic}
    uintx NonNMethodCodeHeapSize                   = 5830732                                {pd product} {ergonomic}
    uintx NonProfiledCodeHeapSize                  = 122913754                              {pd product} {ergonomic}
    uintx ProfiledCodeHeapSize                     = 122913754                              {pd product} {ergonomic}
    uintx ReservedCodeCacheSize                    = 251658240                              {pd product} {ergonomic}
     bool SegmentedCodeCache                       = true                                      {product} {ergonomic}
     bool UseCompressedClassPointers               = true                                 {lp64_product} {ergonomic}
     bool UseCompressedOops                        = true                                 {lp64_product} {ergonomic}
     bool UseG1GC                                  = true                                      {product} {ergonomic}
     bool UseLargePagesIndividualAllocation        = false                                  {pd product} {ergonomic}

Logging:
Log output configuration:
 #0: stdout all=warning uptime,level,tags
 #1: stderr all=off uptime,level,tags

Environment Variables:
JAVA_HOME=C:\Program Files\Java\jdk-11.0.16
PATH=C:\cygwin64;C:\Program Files\nodejs\;C:\Program Files\Java\jdk1.8.0_181\bin;C:\Users\Admin\AppData\Local\Programs\Microsoft VS Code\bin;C:\Users\Admin\AppData\Local\Microsoft\WindowsApps;C:\Program Files\Azure Data Studio\bin;C:\Program Files\Azure Data Studio\bin;C:\php815;C:\Users\Admin\AppData\Roaming\Composer\vendor\bin;C:\Program Files\Azure Data Studio\bin;C:\Users\Admin\.dotnet\tools;C:\Users\Admin\AppData\Local\GitHubDesktop\bin;C:\Users\Admin\AppData\Roaming\npm;C:\Program Files\nodejs;
USERNAME=Admin
OS=Windows_NT
PROCESSOR_IDENTIFIER=Intel64 Family 6 Model 69 Stepping 1, GenuineIntel



---------------  S Y S T E M  ---------------

OS: Windows 10 , 64 bit Build 19041 (10.0.19041.1741)

CPU:total 4 (initial active 4) (2 cores per cpu, 2 threads per core) family 6 model 69 stepping 1 microcode 0x25, cmov, cx8, fxsr, mmx, sse, sse2, sse3, ssse3, sse4.1, sse4.2, popcnt, avx, avx2, aes, clmul, erms, lzcnt, ht, tsc, tscinvbit, bmi1, bmi2, fma

Memory: 4k page, system-wide physical 4001M (212M free)
TotalPageFile size 9251M (AvailPageFile size 0M)
current process WorkingSet (physical memory assigned to process): 67M, peak: 67M
current process commit charge ("private bytes"): 146M, peak: 147M

vm_info: Java HotSpot(TM) 64-Bit Server VM (11.0.16+11-LTS-199) for windows-amd64 JRE (11.0.16+11-LTS-199), built on Jun 28 2022 08:23:17 by "mach5one" with MS VC++ 15.9 (VS2017)

END.
